#
# There is insufficient memory for the Java Runtime Environment to continue.
# Native memory allocation (malloc) failed to allocate 1515200 bytes. Error detail: Chunk::new
# Possible reasons:
#   The system is out of physical RAM or swap space
#   This process is running with CompressedOops enabled, and the Java Heap may be blocking the growth of the native heap
# Possible solutions:
#   Reduce memory load on the system
#   Increase physical memory or swap space
#   Check if swap backing store is full
#   Decrease Java heap size (-Xmx/-Xms)
#   Decrease number of Java threads
#   Decrease Java thread stack sizes (-Xss)
#   Set larger code cache with -XX:ReservedCodeCacheSize=
#   JVM is running with Unscaled Compressed Oops mode in which the Java heap is
#     placed in the first 4GB address space. The Java Heap base address is the
#     maximum limit for the native heap growth. Please use -XX:HeapBaseMinAddress
#     to set the Java Heap base and to place the Java Heap above 4GB virtual address.
# This output file may be truncated or incomplete.
#
#  Out of Memory Error (arena.cpp:168), pid=4624, tid=9656
#
# JRE version: OpenJDK Runtime Environment (21.0.5) (build 21.0.5+-12932927-b750.29)
# Java VM: OpenJDK 64-Bit Server VM (21.0.5+-12932927-b750.29, mixed mode, tiered, compressed oops, compressed class ptrs, g1 gc, windows-amd64)
# No core dump will be written. Minidumps are not enabled by default on client versions of Windows
#

---------------  S U M M A R Y ------------

Command Line: --add-opens=java.base/java.lang=ALL-UNNAMED --add-opens=java.base/java.lang.invoke=ALL-UNNAMED --add-opens=java.base/java.util=ALL-UNNAMED --add-opens=java.prefs/java.util.prefs=ALL-UNNAMED --add-exports=jdk.compiler/com.sun.tools.javac.api=ALL-UNNAMED --add-exports=jdk.compiler/com.sun.tools.javac.util=ALL-UNNAMED --add-opens=java.base/java.util=ALL-UNNAMED --add-opens=java.prefs/java.util.prefs=ALL-UNNAMED --add-opens=java.base/java.nio.charset=ALL-UNNAMED --add-opens=java.base/java.net=ALL-UNNAMED --add-opens=java.base/java.util.concurrent.atomic=ALL-UNNAMED --add-opens=java.xml/javax.xml.namespace=ALL-UNNAMED -Xmx2048m -Dfile.encoding=UTF-8 -Duser.country=IE -Duser.language=en -Duser.variant -javaagent:C:\Users\ryanj\.gradle\wrapper\dists\gradle-8.11.1-bin\bpt9gzteqjrbo1mjrsomdt32c\gradle-8.11.1\lib\agents\gradle-instrumentation-agent-8.11.1.jar org.gradle.launcher.daemon.bootstrap.GradleDaemon 8.11.1

Host: 11th Gen Intel(R) Core(TM) i3-1115G4 @ 3.00GHz, 4 cores, 7G,  Windows 11 , 64 bit Build 22621 (10.0.22621.5124)
Time: Mon Apr 14 20:06:12 2025 GMT Daylight Time elapsed time: 11.627092 seconds (0d 0h 0m 11s)

---------------  T H R E A D  ---------------

Current thread (0x00000243fedbf180):  JavaThread "C2 CompilerThread0" daemon [_thread_in_native, id=9656, stack(0x000000dcff700000,0x000000dcff800000) (1024K)]


Current CompileTask:
C2:11627 4662   !   4       java.net.URLClassLoader::findClass (47 bytes)

Stack: [0x000000dcff700000,0x000000dcff800000]
Native frames: (J=compiled Java code, j=interpreted, Vv=VM code, C=native code)
V  [jvm.dll+0x6cfb29]
V  [jvm.dll+0x85ded3]
V  [jvm.dll+0x86042e]
V  [jvm.dll+0x860b13]
V  [jvm.dll+0x27e6b6]
V  [jvm.dll+0xbff6d]
V  [jvm.dll+0xc04a3]
V  [jvm.dll+0x3b5ffb]
V  [jvm.dll+0x1de664]
V  [jvm.dll+0x247db4]
V  [jvm.dll+0x247231]
V  [jvm.dll+0x1c5ee4]
V  [jvm.dll+0x25697c]
V  [jvm.dll+0x254ec6]
V  [jvm.dll+0x3f0ce6]
V  [jvm.dll+0x806368]
V  [jvm.dll+0x6ce3fd]
C  [ucrtbase.dll+0x29333]
C  [KERNEL32.DLL+0x1259d]
C  [ntdll.dll+0x5af38]


---------------  P R O C E S S  ---------------

Threads class SMR info:
_java_thread_list=0x0000024386d55390, length=33, elements={
0x00000243e7dae0a0, 0x00000243fedafe70, 0x00000243fedb08c0, 0x00000243fedb2420,
0x00000243fedbd350, 0x00000243fedbd9b0, 0x00000243fedbe400, 0x00000243fedbf180,
0x00000243fedf2540, 0x00000243fef36680, 0x00000243ff159080, 0x00000243851d72a0,
0x00000243850cb100, 0x00000243851fc750, 0x0000024385217fe0, 0x0000024385218640,
0x000002438523c9b0, 0x000002438525e320, 0x000002438524f8f0, 0x000002438510db50,
0x000002438510e1e0, 0x000002438510e870, 0x000002438510ba80, 0x000002438510ef00,
0x000002438510c110, 0x000002438510c7a0, 0x000002438510ce30, 0x000002438510d4c0,
0x0000024386783d50, 0x0000024386785790, 0x0000024386784a70, 0x0000024386783030,
0x000002438412c680
}

Java Threads: ( => current thread )
  0x00000243e7dae0a0 JavaThread "main"                              [_thread_blocked, id=13936, stack(0x000000dcfe900000,0x000000dcfea00000) (1024K)]
  0x00000243fedafe70 JavaThread "Reference Handler"          daemon [_thread_blocked, id=19732, stack(0x000000dcff100000,0x000000dcff200000) (1024K)]
  0x00000243fedb08c0 JavaThread "Finalizer"                  daemon [_thread_blocked, id=20108, stack(0x000000dcff200000,0x000000dcff300000) (1024K)]
  0x00000243fedb2420 JavaThread "Signal Dispatcher"          daemon [_thread_blocked, id=19736, stack(0x000000dcff300000,0x000000dcff400000) (1024K)]
  0x00000243fedbd350 JavaThread "Attach Listener"            daemon [_thread_blocked, id=20112, stack(0x000000dcff400000,0x000000dcff500000) (1024K)]
  0x00000243fedbd9b0 JavaThread "Service Thread"             daemon [_thread_blocked, id=20116, stack(0x000000dcff500000,0x000000dcff600000) (1024K)]
  0x00000243fedbe400 JavaThread "Monitor Deflation Thread"   daemon [_thread_blocked, id=20160, stack(0x000000dcff600000,0x000000dcff700000) (1024K)]
=>0x00000243fedbf180 JavaThread "C2 CompilerThread0"         daemon [_thread_in_native, id=9656, stack(0x000000dcff700000,0x000000dcff800000) (1024K)]
  0x00000243fedf2540 JavaThread "C1 CompilerThread0"         daemon [_thread_blocked, id=20120, stack(0x000000dcff800000,0x000000dcff900000) (1024K)]
  0x00000243fef36680 JavaThread "Common-Cleaner"             daemon [_thread_blocked, id=14748, stack(0x000000dcff900000,0x000000dcffa00000) (1024K)]
  0x00000243ff159080 JavaThread "Notification Thread"        daemon [_thread_blocked, id=7328, stack(0x000000dcffa00000,0x000000dcffb00000) (1024K)]
  0x00000243851d72a0 JavaThread "Daemon health stats"               [_thread_blocked, id=19872, stack(0x000000dcffd00000,0x000000dcffe00000) (1024K)]
  0x00000243850cb100 JavaThread "Incoming local TCP Connector on port 53496"        [_thread_in_native, id=3116, stack(0x000000dcfff00000,0x000000dd00000000) (1024K)]
  0x00000243851fc750 JavaThread "Daemon periodic checks"            [_thread_blocked, id=10556, stack(0x000000dc80000000,0x000000dc80100000) (1024K)]
  0x0000024385217fe0 JavaThread "Daemon"                            [_thread_blocked, id=13092, stack(0x000000dc80100000,0x000000dc80200000) (1024K)]
  0x0000024385218640 JavaThread "Handler for socket connection from /127.0.0.1:53496 to /127.0.0.1:53497"        [_thread_in_native, id=16420, stack(0x000000dc80200000,0x000000dc80300000) (1024K)]
  0x000002438523c9b0 JavaThread "Cancel handler"                    [_thread_blocked, id=17296, stack(0x000000dc80300000,0x000000dc80400000) (1024K)]
  0x000002438525e320 JavaThread "Daemon worker"                     [_thread_in_Java, id=18816, stack(0x000000dc80400000,0x000000dc80500000) (1024K)]
  0x000002438524f8f0 JavaThread "Asynchronous log dispatcher for DefaultDaemonConnection: socket connection from /127.0.0.1:53496 to /127.0.0.1:53497"        [_thread_blocked, id=17616, stack(0x000000dc80500000,0x000000dc80600000) (1024K)]
  0x000002438510db50 JavaThread "Stdin handler"                     [_thread_blocked, id=19908, stack(0x000000dc80600000,0x000000dc80700000) (1024K)]
  0x000002438510e1e0 JavaThread "Daemon client event forwarder"        [_thread_blocked, id=5016, stack(0x000000dc80700000,0x000000dc80800000) (1024K)]
  0x000002438510e870 JavaThread "Cache worker for journal cache (C:\Users\ryanj\.gradle\caches\journal-1)"        [_thread_blocked, id=3280, stack(0x000000dc80800000,0x000000dc80900000) (1024K)]
  0x000002438510ba80 JavaThread "File lock request listener"        [_thread_in_native, id=3424, stack(0x000000dc80900000,0x000000dc80a00000) (1024K)]
  0x000002438510ef00 JavaThread "Cache worker for file hash cache (C:\Users\ryanj\.gradle\caches\8.11.1\fileHashes)"        [_thread_blocked, id=5100, stack(0x000000dc80a00000,0x000000dc80b00000) (1024K)]
  0x000002438510c110 JavaThread "Cache worker for file content cache (C:\Users\ryanj\.gradle\caches\8.11.1\fileContent)"        [_thread_blocked, id=16796, stack(0x000000dc80b00000,0x000000dc80c00000) (1024K)]
  0x000002438510c7a0 JavaThread "Cache worker for file hash cache (C:\Users\ryanj\OneDrive - Technological University Dublin\Enterprise App Dev\GameReviews\.gradle\8.11.1\fileHashes)"        [_thread_blocked, id=16952, stack(0x000000dc80c00000,0x000000dc80d00000) (1024K)]
  0x000002438510ce30 JavaThread "Cache worker for Build Output Cleanup Cache (C:\Users\ryanj\OneDrive - Technological University Dublin\Enterprise App Dev\GameReviews\.gradle\buildOutputCleanup)"        [_thread_blocked, id=16968, stack(0x000000dc80d00000,0x000000dc80e00000) (1024K)]
  0x000002438510d4c0 JavaThread "File watcher server"        daemon [_thread_in_native, id=3176, stack(0x000000dc80e00000,0x000000dc80f00000) (1024K)]
  0x0000024386783d50 JavaThread "File watcher consumer"      daemon [_thread_blocked, id=10864, stack(0x000000dc80f00000,0x000000dc81000000) (1024K)]
  0x0000024386785790 JavaThread "Cache worker for checksums cache (C:\Users\ryanj\OneDrive - Technological University Dublin\Enterprise App Dev\GameReviews\.gradle\8.11.1\checksums)"        [_thread_blocked, id=20288, stack(0x000000dc81000000,0x000000dc81100000) (1024K)]
  0x0000024386784a70 JavaThread "Cache worker for cache directory md-rule (C:\Users\ryanj\.gradle\caches\8.11.1\md-rule)"        [_thread_blocked, id=9364, stack(0x000000dc81100000,0x000000dc81200000) (1024K)]
  0x0000024386783030 JavaThread "Cache worker for cache directory md-supplier (C:\Users\ryanj\.gradle\caches\8.11.1\md-supplier)"        [_thread_blocked, id=20092, stack(0x000000dc81200000,0x000000dc81300000) (1024K)]
  0x000002438412c680 JavaThread "C2 CompilerThread1"         daemon [_thread_in_native, id=14472, stack(0x000000dc81300000,0x000000dc81400000) (1024K)]
Total: 33

Other Threads:
  0x00000243e5bbc140 VMThread "VM Thread"                           [id=19580, stack(0x000000dcff000000,0x000000dcff100000) (1024K)]
  0x00000243feb91c20 WatcherThread "VM Periodic Task Thread"        [id=19508, stack(0x000000dcfef00000,0x000000dcff000000) (1024K)]
  0x00000243e5bbc880 WorkerThread "GC Thread#0"                     [id=1700, stack(0x000000dcfea00000,0x000000dcfeb00000) (1024K)]
  0x00000243ff3334b0 WorkerThread "GC Thread#1"                     [id=18188, stack(0x000000dcffb00000,0x000000dcffc00000) (1024K)]
  0x00000243ff333bf0 WorkerThread "GC Thread#2"                     [id=7056, stack(0x000000dcffc00000,0x000000dcffd00000) (1024K)]
  0x00000243ff331070 WorkerThread "GC Thread#3"                     [id=7188, stack(0x000000dcffe00000,0x000000dcfff00000) (1024K)]
  0x00000243e7e18600 ConcurrentGCThread "G1 Main Marker"            [id=12540, stack(0x000000dcfeb00000,0x000000dcfec00000) (1024K)]
  0x00000243e5bbbda0 WorkerThread "G1 Conc#0"                       [id=15732, stack(0x000000dcfec00000,0x000000dcfed00000) (1024K)]
  0x00000243fea63560 ConcurrentGCThread "G1 Refine#0"               [id=17344, stack(0x000000dcfed00000,0x000000dcfee00000) (1024K)]
  0x00000243fea63e80 ConcurrentGCThread "G1 Service"                [id=19728, stack(0x000000dcfee00000,0x000000dcfef00000) (1024K)]
Total: 10

Threads with active compile tasks:
C2 CompilerThread0  11655 4662   !   4       java.net.URLClassLoader::findClass (47 bytes)
C2 CompilerThread1  11655 4674       4       java.lang.invoke.InvokerBytecodeGenerator::addMethod (725 bytes)
Total: 2

VM state: not at safepoint (normal execution)

VM Mutex/Monitor currently owned by a thread: None

Heap address: 0x0000000080000000, size: 2048 MB, Compressed Oops mode: 32-bit

CDS archive(s) not mapped
Compressed class space mapped at: 0x0000000100000000-0x0000000140000000, reserved size: 1073741824
Narrow klass base: 0x0000000000000000, Narrow klass shift: 3, Narrow klass range: 0x140000000

GC Precious Log:
 CardTable entry size: 512
 Card Set container configuration: InlinePtr #cards 5 size 8 Array Of Cards #cards 12 size 40 Howl #buckets 4 coarsen threshold 1843 Howl Bitmap #cards 512 size 80 coarsen threshold 460 Card regions per heap region 1 cards per card region 2048
 CPUs: 4 total, 4 available
 Memory: 7914M
 Large Page Support: Disabled
 NUMA Support: Disabled
 Compressed Oops: Enabled (32-bit)
 Heap Region Size: 1M
 Heap Min Capacity: 8M
 Heap Initial Capacity: 124M
 Heap Max Capacity: 2G
 Pre-touch: Disabled
 Parallel Workers: 4
 Concurrent Workers: 1
 Concurrent Refinement Workers: 4
 Periodic GC: Disabled

Heap:
 garbage-first heap   total 86016K, used 38874K [0x0000000080000000, 0x0000000100000000)
  region size 1024K, 9 young (9216K), 5 survivors (5120K)
 Metaspace       used 51479K, committed 52928K, reserved 1114112K
  class space    used 7022K, committed 7744K, reserved 1048576K

Heap Regions: E=young(eden), S=young(survivor), O=old, HS=humongous(starts), HC=humongous(continues), CS=collection set, F=free, TAMS=top-at-mark-start, PB=parsable bottom
|   0|0x0000000080000000, 0x0000000080100000, 0x0000000080100000|100%|HS|  |TAMS 0x0000000080000000| PB 0x0000000080000000| Complete 
|   1|0x0000000080100000, 0x0000000080200000, 0x0000000080200000|100%|HC|  |TAMS 0x0000000080100000| PB 0x0000000080100000| Complete 
|   2|0x0000000080200000, 0x0000000080300000, 0x0000000080300000|100%|HC|  |TAMS 0x0000000080200000| PB 0x0000000080200000| Complete 
|   3|0x0000000080300000, 0x0000000080400000, 0x0000000080400000|100%| O|  |TAMS 0x0000000080300000| PB 0x0000000080300000| Untracked 
|   4|0x0000000080400000, 0x0000000080500000, 0x0000000080500000|100%| O|  |TAMS 0x0000000080400000| PB 0x0000000080400000| Untracked 
|   5|0x0000000080500000, 0x0000000080600000, 0x0000000080600000|100%| O|  |TAMS 0x0000000080500000| PB 0x0000000080500000| Untracked 
|   6|0x0000000080600000, 0x0000000080700000, 0x0000000080700000|100%|HS|  |TAMS 0x0000000080600000| PB 0x0000000080600000| Complete 
|   7|0x0000000080700000, 0x0000000080800000, 0x0000000080800000|100%| O|  |TAMS 0x0000000080700000| PB 0x0000000080700000| Untracked 
|   8|0x0000000080800000, 0x0000000080900000, 0x0000000080900000|100%| O|  |TAMS 0x0000000080800000| PB 0x0000000080800000| Untracked 
|   9|0x0000000080900000, 0x0000000080a00000, 0x0000000080a00000|100%| O|  |TAMS 0x0000000080900000| PB 0x0000000080900000| Untracked 
|  10|0x0000000080a00000, 0x0000000080b00000, 0x0000000080b00000|100%| O|  |TAMS 0x0000000080a00000| PB 0x0000000080a00000| Untracked 
|  11|0x0000000080b00000, 0x0000000080c00000, 0x0000000080c00000|100%| O|  |TAMS 0x0000000080b00000| PB 0x0000000080b00000| Untracked 
|  12|0x0000000080c00000, 0x0000000080d00000, 0x0000000080d00000|100%| O|  |TAMS 0x0000000080c00000| PB 0x0000000080c00000| Untracked 
|  13|0x0000000080d00000, 0x0000000080e00000, 0x0000000080e00000|100%| O|  |TAMS 0x0000000080d00000| PB 0x0000000080d00000| Untracked 
|  14|0x0000000080e00000, 0x0000000080f00000, 0x0000000080f00000|100%| O|  |TAMS 0x0000000080e00000| PB 0x0000000080e00000| Untracked 
|  15|0x0000000080f00000, 0x0000000081000000, 0x0000000081000000|100%| O|  |TAMS 0x0000000080f00000| PB 0x0000000080f00000| Untracked 
|  16|0x0000000081000000, 0x0000000081100000, 0x0000000081100000|100%| O|  |TAMS 0x0000000081000000| PB 0x0000000081000000| Untracked 
|  17|0x0000000081100000, 0x0000000081200000, 0x0000000081200000|100%| O|  |TAMS 0x0000000081100000| PB 0x0000000081100000| Untracked 
|  18|0x0000000081200000, 0x0000000081300000, 0x0000000081300000|100%| O|  |TAMS 0x0000000081200000| PB 0x0000000081200000| Untracked 
|  19|0x0000000081300000, 0x0000000081400000, 0x0000000081400000|100%| O|  |TAMS 0x0000000081300000| PB 0x0000000081300000| Untracked 
|  20|0x0000000081400000, 0x0000000081500000, 0x0000000081500000|100%| O|  |TAMS 0x0000000081400000| PB 0x0000000081400000| Untracked 
|  21|0x0000000081500000, 0x0000000081600000, 0x0000000081600000|100%| O|  |TAMS 0x0000000081500000| PB 0x0000000081500000| Untracked 
|  22|0x0000000081600000, 0x0000000081700000, 0x0000000081700000|100%| O|  |TAMS 0x0000000081600000| PB 0x0000000081600000| Untracked 
|  23|0x0000000081700000, 0x0000000081800000, 0x0000000081800000|100%| O|  |TAMS 0x0000000081700000| PB 0x0000000081700000| Untracked 
|  24|0x0000000081800000, 0x0000000081900000, 0x0000000081900000|100%| O|  |TAMS 0x0000000081800000| PB 0x0000000081800000| Untracked 
|  25|0x0000000081900000, 0x0000000081a00000, 0x0000000081a00000|100%| O|  |TAMS 0x0000000081900000| PB 0x0000000081900000| Untracked 
|  26|0x0000000081a00000, 0x0000000081b00000, 0x0000000081b00000|100%| O|  |TAMS 0x0000000081a00000| PB 0x0000000081a00000| Untracked 
|  27|0x0000000081b00000, 0x0000000081c00000, 0x0000000081c00000|100%| O|  |TAMS 0x0000000081b00000| PB 0x0000000081b00000| Untracked 
|  28|0x0000000081c00000, 0x0000000081c00000, 0x0000000081d00000|  0%| F|  |TAMS 0x0000000081c00000| PB 0x0000000081c00000| Untracked 
|  29|0x0000000081d00000, 0x0000000081e00000, 0x0000000081e00000|100%| O|  |TAMS 0x0000000081d00000| PB 0x0000000081d00000| Untracked 
|  30|0x0000000081e00000, 0x0000000081f00000, 0x0000000081f00000|100%| O|  |TAMS 0x0000000081e00000| PB 0x0000000081e00000| Untracked 
|  31|0x0000000081f00000, 0x0000000081fbe3c0, 0x0000000082000000| 74%| O|  |TAMS 0x0000000081f00000| PB 0x0000000081f00000| Untracked 
|  32|0x0000000082000000, 0x0000000082000000, 0x0000000082100000|  0%| F|  |TAMS 0x0000000082000000| PB 0x0000000082000000| Untracked 
|  33|0x0000000082100000, 0x0000000082100000, 0x0000000082200000|  0%| F|  |TAMS 0x0000000082100000| PB 0x0000000082100000| Untracked 
|  34|0x0000000082200000, 0x0000000082200000, 0x0000000082300000|  0%| F|  |TAMS 0x0000000082200000| PB 0x0000000082200000| Untracked 
|  35|0x0000000082300000, 0x0000000082300000, 0x0000000082400000|  0%| F|  |TAMS 0x0000000082300000| PB 0x0000000082300000| Untracked 
|  36|0x0000000082400000, 0x0000000082400000, 0x0000000082500000|  0%| F|  |TAMS 0x0000000082400000| PB 0x0000000082400000| Untracked 
|  37|0x0000000082500000, 0x00000000825384d0, 0x0000000082600000| 21%| S|CS|TAMS 0x0000000082500000| PB 0x0000000082500000| Complete 
|  38|0x0000000082600000, 0x0000000082700000, 0x0000000082700000|100%| S|CS|TAMS 0x0000000082600000| PB 0x0000000082600000| Complete 
|  39|0x0000000082700000, 0x0000000082700000, 0x0000000082800000|  0%| F|  |TAMS 0x0000000082700000| PB 0x0000000082700000| Untracked 
|  40|0x0000000082800000, 0x0000000082800000, 0x0000000082900000|  0%| F|  |TAMS 0x0000000082800000| PB 0x0000000082800000| Untracked 
|  41|0x0000000082900000, 0x0000000082a00000, 0x0000000082a00000|100%| S|CS|TAMS 0x0000000082900000| PB 0x0000000082900000| Complete 
|  42|0x0000000082a00000, 0x0000000082b00000, 0x0000000082b00000|100%| S|CS|TAMS 0x0000000082a00000| PB 0x0000000082a00000| Complete 
|  43|0x0000000082b00000, 0x0000000082c00000, 0x0000000082c00000|100%| S|CS|TAMS 0x0000000082b00000| PB 0x0000000082b00000| Complete 
|  44|0x0000000082c00000, 0x0000000082c00000, 0x0000000082d00000|  0%| F|  |TAMS 0x0000000082c00000| PB 0x0000000082c00000| Untracked 
|  45|0x0000000082d00000, 0x0000000082d00000, 0x0000000082e00000|  0%| F|  |TAMS 0x0000000082d00000| PB 0x0000000082d00000| Untracked 
|  46|0x0000000082e00000, 0x0000000082e00000, 0x0000000082f00000|  0%| F|  |TAMS 0x0000000082e00000| PB 0x0000000082e00000| Untracked 
|  47|0x0000000082f00000, 0x0000000082f00000, 0x0000000083000000|  0%| F|  |TAMS 0x0000000082f00000| PB 0x0000000082f00000| Untracked 
|  48|0x0000000083000000, 0x0000000083000000, 0x0000000083100000|  0%| F|  |TAMS 0x0000000083000000| PB 0x0000000083000000| Untracked 
|  49|0x0000000083100000, 0x0000000083100000, 0x0000000083200000|  0%| F|  |TAMS 0x0000000083100000| PB 0x0000000083100000| Untracked 
|  50|0x0000000083200000, 0x0000000083200000, 0x0000000083300000|  0%| F|  |TAMS 0x0000000083200000| PB 0x0000000083200000| Untracked 
|  51|0x0000000083300000, 0x0000000083300000, 0x0000000083400000|  0%| F|  |TAMS 0x0000000083300000| PB 0x0000000083300000| Untracked 
|  52|0x0000000083400000, 0x0000000083400000, 0x0000000083500000|  0%| F|  |TAMS 0x0000000083400000| PB 0x0000000083400000| Untracked 
|  53|0x0000000083500000, 0x0000000083500000, 0x0000000083600000|  0%| F|  |TAMS 0x0000000083500000| PB 0x0000000083500000| Untracked 
|  54|0x0000000083600000, 0x0000000083600000, 0x0000000083700000|  0%| F|  |TAMS 0x0000000083600000| PB 0x0000000083600000| Untracked 
|  55|0x0000000083700000, 0x0000000083700000, 0x0000000083800000|  0%| F|  |TAMS 0x0000000083700000| PB 0x0000000083700000| Untracked 
|  56|0x0000000083800000, 0x0000000083800000, 0x0000000083900000|  0%| F|  |TAMS 0x0000000083800000| PB 0x0000000083800000| Untracked 
|  57|0x0000000083900000, 0x0000000083900000, 0x0000000083a00000|  0%| F|  |TAMS 0x0000000083900000| PB 0x0000000083900000| Untracked 
|  58|0x0000000083a00000, 0x0000000083a00000, 0x0000000083b00000|  0%| F|  |TAMS 0x0000000083a00000| PB 0x0000000083a00000| Untracked 
|  59|0x0000000083b00000, 0x0000000083b00000, 0x0000000083c00000|  0%| F|  |TAMS 0x0000000083b00000| PB 0x0000000083b00000| Untracked 
|  60|0x0000000083c00000, 0x0000000083c00000, 0x0000000083d00000|  0%| F|  |TAMS 0x0000000083c00000| PB 0x0000000083c00000| Untracked 
|  61|0x0000000083d00000, 0x0000000083d00000, 0x0000000083e00000|  0%| F|  |TAMS 0x0000000083d00000| PB 0x0000000083d00000| Untracked 
|  62|0x0000000083e00000, 0x0000000083e00000, 0x0000000083f00000|  0%| F|  |TAMS 0x0000000083e00000| PB 0x0000000083e00000| Untracked 
|  63|0x0000000083f00000, 0x0000000083f00000, 0x0000000084000000|  0%| F|  |TAMS 0x0000000083f00000| PB 0x0000000083f00000| Untracked 
|  64|0x0000000084000000, 0x0000000084000000, 0x0000000084100000|  0%| F|  |TAMS 0x0000000084000000| PB 0x0000000084000000| Untracked 
|  65|0x0000000084100000, 0x0000000084100000, 0x0000000084200000|  0%| F|  |TAMS 0x0000000084100000| PB 0x0000000084100000| Untracked 
|  66|0x0000000084200000, 0x0000000084200000, 0x0000000084300000|  0%| F|  |TAMS 0x0000000084200000| PB 0x0000000084200000| Untracked 
|  67|0x0000000084300000, 0x0000000084300000, 0x0000000084400000|  0%| F|  |TAMS 0x0000000084300000| PB 0x0000000084300000| Untracked 
|  68|0x0000000084400000, 0x0000000084400000, 0x0000000084500000|  0%| F|  |TAMS 0x0000000084400000| PB 0x0000000084400000| Untracked 
|  69|0x0000000084500000, 0x0000000084500000, 0x0000000084600000|  0%| F|  |TAMS 0x0000000084500000| PB 0x0000000084500000| Untracked 
|  70|0x0000000084600000, 0x0000000084600000, 0x0000000084700000|  0%| F|  |TAMS 0x0000000084600000| PB 0x0000000084600000| Untracked 
|  71|0x0000000084700000, 0x0000000084700000, 0x0000000084800000|  0%| F|  |TAMS 0x0000000084700000| PB 0x0000000084700000| Untracked 
|  72|0x0000000084800000, 0x0000000084800000, 0x0000000084900000|  0%| F|  |TAMS 0x0000000084800000| PB 0x0000000084800000| Untracked 
|  73|0x0000000084900000, 0x0000000084900000, 0x0000000084a00000|  0%| F|  |TAMS 0x0000000084900000| PB 0x0000000084900000| Untracked 
|  74|0x0000000084a00000, 0x0000000084a00000, 0x0000000084b00000|  0%| F|  |TAMS 0x0000000084a00000| PB 0x0000000084a00000| Untracked 
|  75|0x0000000084b00000, 0x0000000084b00000, 0x0000000084c00000|  0%| F|  |TAMS 0x0000000084b00000| PB 0x0000000084b00000| Untracked 
|  76|0x0000000084c00000, 0x0000000084c00000, 0x0000000084d00000|  0%| F|  |TAMS 0x0000000084c00000| PB 0x0000000084c00000| Untracked 
|  77|0x0000000084d00000, 0x0000000084d00000, 0x0000000084e00000|  0%| F|  |TAMS 0x0000000084d00000| PB 0x0000000084d00000| Untracked 
|  78|0x0000000084e00000, 0x0000000084e00000, 0x0000000084f00000|  0%| F|  |TAMS 0x0000000084e00000| PB 0x0000000084e00000| Untracked 
|  79|0x0000000084f00000, 0x0000000084f00000, 0x0000000085000000|  0%| F|  |TAMS 0x0000000084f00000| PB 0x0000000084f00000| Untracked 
|  80|0x0000000085000000, 0x0000000085100000, 0x0000000085100000|100%| E|  |TAMS 0x0000000085000000| PB 0x0000000085000000| Complete 
| 102|0x0000000086600000, 0x0000000086700000, 0x0000000086700000|100%| E|CS|TAMS 0x0000000086600000| PB 0x0000000086600000| Complete 
| 103|0x0000000086700000, 0x0000000086800000, 0x0000000086800000|100%| E|CS|TAMS 0x0000000086700000| PB 0x0000000086700000| Complete 
| 104|0x0000000086800000, 0x0000000086900000, 0x0000000086900000|100%| E|CS|TAMS 0x0000000086800000| PB 0x0000000086800000| Complete 

Card table byte_map: [0x00000243fa300000,0x00000243fa700000] _byte_map_base: 0x00000243f9f00000

Marking Bits: (CMBitMap*) 0x00000243e7e07d20
 Bits: [0x00000243fa700000, 0x00000243fc700000)

Polling page: 0x00000243e7570000

Metaspace:

Usage:
  Non-class:     43.43 MB used.
      Class:      6.86 MB used.
       Both:     50.29 MB used.

Virtual space:
  Non-class space:       64.00 MB reserved,      44.12 MB ( 69%) committed,  1 nodes.
      Class space:        1.00 GB reserved,       7.56 MB ( <1%) committed,  1 nodes.
             Both:        1.06 GB reserved,      51.69 MB (  5%) committed. 

Chunk freelists:
   Non-Class:  3.28 MB
       Class:  8.47 MB
        Both:  11.75 MB

MaxMetaspaceSize: unlimited
CompressedClassSpaceSize: 1.00 GB
Initial GC threshold: 21.00 MB
Current GC threshold: 58.69 MB
CDS: off
 - commit_granule_bytes: 65536.
 - commit_granule_words: 8192.
 - virtual_space_node_default_size: 8388608.
 - enlarge_chunks_in_place: 1.
 - use_allocation_guard: 0.


Internal statistics:

num_allocs_failed_limit: 6.
num_arena_births: 2678.
num_arena_deaths: 0.
num_vsnodes_births: 2.
num_vsnodes_deaths: 0.
num_space_committed: 827.
num_space_uncommitted: 0.
num_chunks_returned_to_freelist: 6.
num_chunks_taken_from_freelist: 4722.
num_chunk_merges: 6.
num_chunk_splits: 3017.
num_chunks_enlarged: 1843.
num_inconsistent_stats: 0.

CodeHeap 'non-profiled nmethods': size=120000Kb used=2595Kb max_used=2595Kb free=117404Kb
 bounds [0x00000243f29d0000, 0x00000243f2c60000, 0x00000243f9f00000]
CodeHeap 'profiled nmethods': size=120000Kb used=8282Kb max_used=8282Kb free=111717Kb
 bounds [0x00000243eaf00000, 0x00000243eb720000, 0x00000243f2430000]
CodeHeap 'non-nmethods': size=5760Kb used=2104Kb max_used=2125Kb free=3655Kb
 bounds [0x00000243f2430000, 0x00000243f26a0000, 0x00000243f29d0000]
 total_blobs=5003 nmethods=4300 adapters=606
 compilation: enabled
              stopped_count=0, restarted_count=0
 full_count=0

Compilation events (20 events):
Event: 11.442 Thread 0x00000243fedf2540 4681       3       java.util.concurrent.locks.ReentrantLock$NonfairSync::tryAcquire (27 bytes)
Event: 11.443 Thread 0x00000243fedf2540 nmethod 4681 0x00000243eb70e910 code [0x00000243eb70eae0, 0x00000243eb70ed60]
Event: 11.444 Thread 0x00000243fedf2540 4682       3       org.gradle.cache.internal.DefaultCrossBuildInMemoryCacheFactory$DefaultClassMap::getCacheScope (34 bytes)
Event: 11.444 Thread 0x00000243fedf2540 nmethod 4682 0x00000243eb70ee10 code [0x00000243eb70f020, 0x00000243eb70f830]
Event: 11.447 Thread 0x00000243fedf2540 4683       3       org.gradle.internal.instantiation.generator.AsmBackedClassGenerator$ClassBuilderImpl::access$4200 (4 bytes)
Event: 11.447 Thread 0x00000243fedf2540 nmethod 4683 0x00000243eb70fa90 code [0x00000243eb70fc20, 0x00000243eb70fd18]
Event: 11.517 Thread 0x00000243fedf2540 4684       3       java.lang.reflect.Executable::getGenericExceptionTypes (27 bytes)
Event: 11.518 Thread 0x00000243fedf2540 nmethod 4684 0x00000243eb70fd90 code [0x00000243eb70ffa0, 0x00000243eb7106e0]
Event: 11.524 Thread 0x00000243fedf2540 4685       3       sun.reflect.generics.repository.ConstructorRepository::parse (6 bytes)
Event: 11.524 Thread 0x00000243fedf2540 nmethod 4685 0x00000243eb710890 code [0x00000243eb710a80, 0x00000243eb710f18]
Event: 11.524 Thread 0x00000243fedf2540 4686       3       sun.reflect.generics.repository.ConstructorRepository::parse (8 bytes)
Event: 11.524 Thread 0x00000243fedf2540 nmethod 4686 0x00000243eb711110 code [0x00000243eb7112e0, 0x00000243eb7116a0]
Event: 11.524 Thread 0x00000243fedf2540 4687       3       sun.reflect.generics.parser.SignatureParser::parseMethodSig (10 bytes)
Event: 11.524 Thread 0x00000243fedf2540 nmethod 4687 0x00000243eb711810 code [0x00000243eb7119c0, 0x00000243eb711bc8]
Event: 11.556 Thread 0x00000243fedf2540 4689       3       com.google.common.collect.AbstractMapBasedMultimap::get (31 bytes)
Event: 11.556 Thread 0x00000243fedf2540 nmethod 4689 0x00000243eb711c90 code [0x00000243eb711e80, 0x00000243eb712318]
Event: 11.556 Thread 0x00000243fedf2540 4690       3       com.google.common.collect.AbstractMapBasedMultimap$WrappedCollection::<init> (44 bytes)
Event: 11.557 Thread 0x00000243fedf2540 nmethod 4690 0x00000243eb712410 code [0x00000243eb7125e0, 0x00000243eb712a50]
Event: 11.563 Thread 0x00000243fedf2540 4691       3       java.lang.ClassLoader::checkCerts (121 bytes)
Event: 11.565 Thread 0x00000243fedf2540 nmethod 4691 0x00000243eb712b90 code [0x00000243eb712ea0, 0x00000243eb713c18]

GC Heap History (20 events):
Event: 2.336 GC heap before
{Heap before GC invocations=1 (full 0):
 garbage-first heap   total 126976K, used 28928K [0x0000000080000000, 0x0000000100000000)
  region size 1024K, 27 young (27648K), 2 survivors (2048K)
 Metaspace       used 11219K, committed 11392K, reserved 1114112K
  class space    used 1167K, committed 1280K, reserved 1048576K
}
Event: 2.344 GC heap after
{Heap after GC invocations=2 (full 0):
 garbage-first heap   total 126976K, used 9877K [0x0000000080000000, 0x0000000100000000)
  region size 1024K, 4 young (4096K), 4 survivors (4096K)
 Metaspace       used 11219K, committed 11392K, reserved 1114112K
  class space    used 1167K, committed 1280K, reserved 1048576K
}
Event: 4.392 GC heap before
{Heap before GC invocations=2 (full 0):
 garbage-first heap   total 126976K, used 82581K [0x0000000080000000, 0x0000000100000000)
  region size 1024K, 74 young (75776K), 4 survivors (4096K)
 Metaspace       used 15934K, committed 16192K, reserved 1114112K
  class space    used 1767K, committed 1920K, reserved 1048576K
}
Event: 4.403 GC heap after
{Heap after GC invocations=3 (full 0):
 garbage-first heap   total 126976K, used 17587K [0x0000000080000000, 0x0000000100000000)
  region size 1024K, 10 young (10240K), 10 survivors (10240K)
 Metaspace       used 15934K, committed 16192K, reserved 1114112K
  class space    used 1767K, committed 1920K, reserved 1048576K
}
Event: 5.188 GC heap before
{Heap before GC invocations=3 (full 0):
 garbage-first heap   total 126976K, used 36019K [0x0000000080000000, 0x0000000100000000)
  region size 1024K, 29 young (29696K), 10 survivors (10240K)
 Metaspace       used 21201K, committed 21504K, reserved 1114112K
  class space    used 2443K, committed 2624K, reserved 1048576K
}
Event: 5.201 GC heap after
{Heap after GC invocations=4 (full 0):
 garbage-first heap   total 126976K, used 20129K [0x0000000080000000, 0x0000000100000000)
  region size 1024K, 3 young (3072K), 3 survivors (3072K)
 Metaspace       used 21201K, committed 21504K, reserved 1114112K
  class space    used 2443K, committed 2624K, reserved 1048576K
}
Event: 7.057 GC heap before
{Heap before GC invocations=5 (full 0):
 garbage-first heap   total 71680K, used 60065K [0x0000000080000000, 0x0000000100000000)
  region size 1024K, 42 young (43008K), 3 survivors (3072K)
 Metaspace       used 27889K, committed 28480K, reserved 1114112K
  class space    used 3485K, committed 3776K, reserved 1048576K
}
Event: 7.077 GC heap after
{Heap after GC invocations=6 (full 0):
 garbage-first heap   total 71680K, used 21626K [0x0000000080000000, 0x0000000100000000)
  region size 1024K, 4 young (4096K), 4 survivors (4096K)
 Metaspace       used 27889K, committed 28480K, reserved 1114112K
  class space    used 3485K, committed 3776K, reserved 1048576K
}
Event: 8.322 GC heap before
{Heap before GC invocations=6 (full 0):
 garbage-first heap   total 71680K, used 56442K [0x0000000080000000, 0x0000000100000000)
  region size 1024K, 39 young (39936K), 4 survivors (4096K)
 Metaspace       used 32699K, committed 33472K, reserved 1114112K
  class space    used 4308K, committed 4672K, reserved 1048576K
}
Event: 8.330 GC heap after
{Heap after GC invocations=7 (full 0):
 garbage-first heap   total 71680K, used 24461K [0x0000000080000000, 0x0000000100000000)
  region size 1024K, 5 young (5120K), 5 survivors (5120K)
 Metaspace       used 32699K, committed 33472K, reserved 1114112K
  class space    used 4308K, committed 4672K, reserved 1048576K
}
Event: 8.642 GC heap before
{Heap before GC invocations=7 (full 0):
 garbage-first heap   total 71680K, used 40845K [0x0000000080000000, 0x0000000100000000)
  region size 1024K, 22 young (22528K), 5 survivors (5120K)
 Metaspace       used 35124K, committed 35968K, reserved 1114112K
  class space    used 4698K, committed 5120K, reserved 1048576K
}
Event: 8.649 GC heap after
{Heap after GC invocations=8 (full 0):
 garbage-first heap   total 71680K, used 25518K [0x0000000080000000, 0x0000000100000000)
  region size 1024K, 4 young (4096K), 4 survivors (4096K)
 Metaspace       used 35124K, committed 35968K, reserved 1114112K
  class space    used 4698K, committed 5120K, reserved 1048576K
}
Event: 9.340 GC heap before
{Heap before GC invocations=9 (full 0):
 garbage-first heap   total 71680K, used 60334K [0x0000000080000000, 0x0000000100000000)
  region size 1024K, 38 young (38912K), 4 survivors (4096K)
 Metaspace       used 39533K, committed 40704K, reserved 1114112K
  class space    used 5426K, committed 6016K, reserved 1048576K
}
Event: 9.347 GC heap after
{Heap after GC invocations=10 (full 0):
 garbage-first heap   total 71680K, used 27511K [0x0000000080000000, 0x0000000100000000)
  region size 1024K, 3 young (3072K), 3 survivors (3072K)
 Metaspace       used 39533K, committed 40704K, reserved 1114112K
  class space    used 5426K, committed 6016K, reserved 1048576K
}
Event: 10.056 GC heap before
{Heap before GC invocations=10 (full 0):
 garbage-first heap   total 71680K, used 61303K [0x0000000080000000, 0x0000000100000000)
  region size 1024K, 37 young (37888K), 3 survivors (3072K)
 Metaspace       used 45706K, committed 46912K, reserved 1114112K
  class space    used 6072K, committed 6656K, reserved 1048576K
}
Event: 10.066 GC heap after
{Heap after GC invocations=11 (full 0):
 garbage-first heap   total 71680K, used 31309K [0x0000000080000000, 0x0000000100000000)
  region size 1024K, 5 young (5120K), 5 survivors (5120K)
 Metaspace       used 45706K, committed 46912K, reserved 1114112K
  class space    used 6072K, committed 6656K, reserved 1048576K
}
Event: 10.483 GC heap before
{Heap before GC invocations=11 (full 0):
 garbage-first heap   total 71680K, used 61005K [0x0000000080000000, 0x0000000100000000)
  region size 1024K, 34 young (34816K), 5 survivors (5120K)
 Metaspace       used 46734K, committed 48000K, reserved 1114112K
  class space    used 6237K, committed 6848K, reserved 1048576K
}
Event: 10.492 GC heap after
{Heap after GC invocations=12 (full 0):
 garbage-first heap   total 86016K, used 33412K [0x0000000080000000, 0x0000000100000000)
  region size 1024K, 2 young (2048K), 2 survivors (2048K)
 Metaspace       used 46734K, committed 48000K, reserved 1114112K
  class space    used 6237K, committed 6848K, reserved 1048576K
}
Event: 11.427 GC heap before
{Heap before GC invocations=12 (full 0):
 garbage-first heap   total 86016K, used 74372K [0x0000000080000000, 0x0000000100000000)
  region size 1024K, 42 young (43008K), 2 survivors (2048K)
 Metaspace       used 51018K, committed 52416K, reserved 1114112K
  class space    used 6940K, committed 7616K, reserved 1048576K
}
Event: 11.433 GC heap after
{Heap after GC invocations=13 (full 0):
 garbage-first heap   total 86016K, used 35802K [0x0000000080000000, 0x0000000100000000)
  region size 1024K, 5 young (5120K), 5 survivors (5120K)
 Metaspace       used 51018K, committed 52416K, reserved 1114112K
  class space    used 6940K, committed 7616K, reserved 1048576K
}

Dll operation events (3 events):
Event: 0.046 Loaded shared library C:\Program Files\Android\Android Studio\jbr\bin\java.dll
Event: 0.074 Loaded shared library C:\Program Files\Android\Android Studio\jbr\bin\zip.dll
Event: 1.566 Loaded shared library C:\Program Files\Android\Android Studio\jbr\bin\verify.dll

Deoptimization events (20 events):
Event: 11.303 Thread 0x000002438525e320 DEOPT PACKING pc=0x00000243f2ba9a5c sp=0x000000dc804f8e40
Event: 11.303 Thread 0x000002438525e320 DEOPT UNPACKING pc=0x00000243f2487da2 sp=0x000000dc804f8e30 mode 2
Event: 11.303 Thread 0x000002438525e320 Uncommon trap: trap_request=0xffffffde fr.pc=0x00000243f2bfd838 relative=0x0000000000004318
Event: 11.303 Thread 0x000002438525e320 Uncommon trap: reason=class_check action=maybe_recompile pc=0x00000243f2bfd838 method=jdk.internal.loader.URLClassPath.getResource(Ljava/lang/String;Z)Ljdk/internal/loader/Resource; @ 53 c2
Event: 11.303 Thread 0x000002438525e320 DEOPT PACKING pc=0x00000243f2bfd838 sp=0x000000dc804f8f00
Event: 11.303 Thread 0x000002438525e320 DEOPT UNPACKING pc=0x00000243f2487da2 sp=0x000000dc804f8d20 mode 2
Event: 11.303 Thread 0x000002438525e320 Uncommon trap: trap_request=0xffffff45 fr.pc=0x00000243f2c148cc relative=0x000000000000082c
Event: 11.304 Thread 0x000002438525e320 Uncommon trap: reason=unstable_if action=reinterpret pc=0x00000243f2c148cc method=java.lang.ClassLoader.checkCerts(Ljava/lang/String;Ljava/security/CodeSource;)V @ 9 c2
Event: 11.304 Thread 0x000002438525e320 DEOPT PACKING pc=0x00000243f2c148cc sp=0x000000dc804f8a20
Event: 11.304 Thread 0x000002438525e320 DEOPT UNPACKING pc=0x00000243f2487da2 sp=0x000000dc804f89f8 mode 2
Event: 11.310 Thread 0x000002438525e320 Uncommon trap: trap_request=0xffffffde fr.pc=0x00000243f2ba9a5c relative=0x0000000000001dbc
Event: 11.310 Thread 0x000002438525e320 Uncommon trap: reason=class_check action=maybe_recompile pc=0x00000243f2ba9a5c method=jdk.internal.loader.URLClassPath.getLoader(I)Ljdk/internal/loader/URLClassPath$Loader; @ 190 c2
Event: 11.310 Thread 0x000002438525e320 DEOPT PACKING pc=0x00000243f2ba9a5c sp=0x000000dc804f8d10
Event: 11.310 Thread 0x000002438525e320 DEOPT UNPACKING pc=0x00000243f2487da2 sp=0x000000dc804f8d00 mode 2
Event: 11.310 Thread 0x000002438525e320 Uncommon trap: trap_request=0xffffffde fr.pc=0x00000243f2bfd838 relative=0x0000000000004318
Event: 11.310 Thread 0x000002438525e320 Uncommon trap: reason=class_check action=maybe_recompile pc=0x00000243f2bfd838 method=jdk.internal.loader.URLClassPath.getResource(Ljava/lang/String;Z)Ljdk/internal/loader/Resource; @ 53 c2
Event: 11.310 Thread 0x000002438525e320 DEOPT PACKING pc=0x00000243f2bfd838 sp=0x000000dc804f8dd0
Event: 11.310 Thread 0x000002438525e320 DEOPT UNPACKING pc=0x00000243f2487da2 sp=0x000000dc804f8bf0 mode 2
Event: 11.425 Thread 0x000002438525e320 DEOPT PACKING pc=0x00000243eb63be57 sp=0x000000dc804f85f0
Event: 11.425 Thread 0x000002438525e320 DEOPT UNPACKING pc=0x00000243f24888e2 sp=0x000000dc804f7a78 mode 0

Classes loaded (20 events):
Event: 10.680 Loading class java/nio/charset/CharacterCodingException
Event: 10.681 Loading class java/nio/charset/CharacterCodingException done
Event: 10.812 Loading class java/util/stream/Streams$RangeIntSpliterator
Event: 10.812 Loading class java/util/stream/Streams$RangeIntSpliterator done
Event: 10.846 Loading class jdk/internal/loader/URLClassPath$FileLoader
Event: 10.846 Loading class jdk/internal/loader/URLClassPath$FileLoader done
Event: 10.848 Loading class jdk/internal/loader/URLClassPath$FileLoader$1
Event: 10.848 Loading class jdk/internal/loader/URLClassPath$FileLoader$1 done
Event: 11.245 Loading class java/util/PrimitiveIterator$OfInt
Event: 11.246 Loading class java/util/PrimitiveIterator
Event: 11.246 Loading class java/util/PrimitiveIterator done
Event: 11.246 Loading class java/util/PrimitiveIterator$OfInt done
Event: 11.250 Loading class java/util/concurrent/RecursiveAction
Event: 11.250 Loading class java/util/concurrent/RecursiveAction done
Event: 11.294 Loading class java/util/concurrent/atomic/AtomicReferenceFieldUpdater
Event: 11.295 Loading class java/util/concurrent/atomic/AtomicReferenceFieldUpdater done
Event: 11.295 Loading class java/util/concurrent/atomic/AtomicReferenceFieldUpdater$AtomicReferenceFieldUpdaterImpl
Event: 11.295 Loading class java/util/concurrent/atomic/AtomicReferenceFieldUpdater$AtomicReferenceFieldUpdaterImpl done
Event: 11.295 Loading class java/util/concurrent/atomic/AtomicReferenceFieldUpdater$AtomicReferenceFieldUpdaterImpl$1
Event: 11.295 Loading class java/util/concurrent/atomic/AtomicReferenceFieldUpdater$AtomicReferenceFieldUpdaterImpl$1 done

Classes unloaded (0 events):
No events

Classes redefined (0 events):
No events

Internal exceptions (20 events):
Event: 10.672 Thread 0x000002438510ef00 Implicit null exception at 0x00000243f2ad8ecf to 0x00000243f2ad9250
Event: 10.691 Thread 0x000002438525e320 Exception <a 'java/lang/NoSuchMethodError'{0x0000000084710920}: 'int java.lang.invoke.DirectMethodHandle$Holder.invokeInterface(java.lang.Object, java.lang.Object)'> (0x0000000084710920) 
thrown [s\src\hotspot\share\interpreter\linkResolver.cpp, line 784]
Event: 10.810 Thread 0x000002438525e320 Exception <a 'java/lang/NoSuchMethodError'{0x0000000084442760}: 'java.lang.Object java.lang.invoke.DirectMethodHandle$Holder.invokeVirtual(java.lang.Object, java.lang.Object, int)'> (0x0000000084442760) 
thrown [s\src\hotspot\share\interpreter\linkResolver.cpp, line 784]
Event: 10.844 Thread 0x000002438525e320 Exception <a 'java/lang/NoSuchMethodError'{0x000000008433e578}: 'void java.lang.invoke.DirectMethodHandle$Holder.invokeInterface(java.lang.Object, java.lang.Object, java.lang.Object, java.lang.Object, java.lang.Object, java.lang.Object, java.lang.Object)'> (0x000000008433e578) 
thrown [s\src\hotspot\share\interpreter\linkResolver.cpp, line 784]
Event: 10.844 Thread 0x000002438525e320 Exception <a 'java/lang/NoSuchMethodError'{0x0000000084342e90}: 'void java.lang.invoke.DelegatingMethodHandle$Holder.reinvoke_L(java.lang.Object, java.lang.Object, java.lang.Object, java.lang.Object, java.lang.Object, java.lang.Object, java.lang.Object)'> (0x0000000084342e90) 
thrown [s\src\hotspot\share\interpreter\linkResolver.cpp, line 784]
Event: 10.870 Thread 0x000002438525e320 Exception <a 'java/lang/NoSuchMethodError'{0x0000000084271618}: 'java.lang.Object java.lang.invoke.DirectMethodHandle$Holder.invokeVirtual(java.lang.Object, java.lang.Object, java.lang.Object, java.lang.Object, java.lang.Object, java.lang.Object, java.lang.Object, java.lang.Object, java.lang.Object, java.lang.Object, java.lang.Object, java.lang.Object, java.lang.Object, java.lang.Object, java.lang.Object)'> (0x0000000084271618) 
thrown [s\src\hotspot\share\interpreter\linkResolver.cpp, line 784]
Event: 10.882 Thread 0x000002438525e320 Exception <a 'java/lang/NoSuchMethodError'{0x0000000084148330}: 'java.lang.Object java.lang.invoke.DirectMethodHandle$Holder.newInvokeSpecial(java.lang.Object, java.lang.Object, java.lang.Object, java.lang.Object, java.lang.Object, java.lang.Object, java.lang.Object, java.lang.Object, java.lang.Object, java.lang.Object, java.lang.Object, java.lang.Object, java.lang.Object)'> (0x0000000084148330) 
thrown [s\src\hotspot\share\interpreter\linkResolver.cpp, line 784]
Event: 10.961 Thread 0x000002438525e320 Exception <a 'java/lang/NoSuchMethodError'{0x0000000083e722d0}: 'java.lang.Object java.lang.invoke.DirectMethodHandle$Holder.newInvokeSpecial(java.lang.Object, java.lang.Object, java.lang.Object, java.lang.Object, int)'> (0x0000000083e722d0) 
thrown [s\src\hotspot\share\interpreter\linkResolver.cpp, line 784]
Event: 10.961 Thread 0x000002438525e320 Exception <a 'java/lang/NoSuchMethodError'{0x0000000083e772c8}: 'java.lang.Object java.lang.invoke.DirectMethodHandle$Holder.invokeSpecial(java.lang.Object, java.lang.Object, java.lang.Object, java.lang.Object, java.lang.Object, int)'> (0x0000000083e772c8) 
thrown [s\src\hotspot\share\interpreter\linkResolver.cpp, line 784]
Event: 10.962 Thread 0x000002438525e320 Exception <a 'java/lang/NoSuchMethodError'{0x0000000083e7ba48}: 'java.lang.Object java.lang.invoke.Invokers$Holder.linkToTargetMethod(java.lang.Object, java.lang.Object, java.lang.Object, int, java.lang.Object)'> (0x0000000083e7ba48) 
thrown [s\src\hotspot\share\interpreter\linkResolver.cpp, line 784]
Event: 11.013 Thread 0x000002438525e320 Exception <a 'java/lang/NoSuchMethodError'{0x0000000083cbe7a0}: 'int java.lang.invoke.DirectMethodHandle$Holder.invokeInterface(java.lang.Object, java.lang.Object, java.lang.Object, java.lang.Object)'> (0x0000000083cbe7a0) 
thrown [s\src\hotspot\share\interpreter\linkResolver.cpp, line 784]
Event: 11.057 Thread 0x000002438525e320 Exception <a 'java/lang/NoSuchMethodError'{0x00000000839174e0}: 'java.lang.Object java.lang.invoke.DirectMethodHandle$Holder.invokeStatic(java.lang.Object, long, java.lang.Object)'> (0x00000000839174e0) 
thrown [s\src\hotspot\share\interpreter\linkResolver.cpp, line 784]
Event: 11.057 Thread 0x000002438525e320 Exception <a 'java/lang/NoSuchMethodError'{0x000000008391e6d8}: 'java.lang.Object java.lang.invoke.DirectMethodHandle$Holder.newInvokeSpecial(java.lang.Object, long)'> (0x000000008391e6d8) 
thrown [s\src\hotspot\share\interpreter\linkResolver.cpp, line 784]
Event: 11.063 Thread 0x000002438525e320 Exception <a 'java/lang/NoSuchMethodError'{0x0000000083988380}: 'java.lang.Object java.lang.invoke.Invokers$Holder.linkToTargetMethod(java.lang.Object, java.lang.Object, java.lang.Object, java.lang.Object, long, java.lang.Object, java.lang.Object)'> (0x0000000083988380) 
thrown [s\src\hotspot\share\interpreter\linkResolver.cpp, line 784]
Event: 11.073 Thread 0x000002438525e320 Exception <a 'java/lang/NoSuchMethodError'{0x00000000839d1888}: 'java.lang.Object java.lang.invoke.DirectMethodHandle$Holder.invokeSpecial(java.lang.Object, java.lang.Object, java.lang.Object, java.lang.Object, long, java.lang.Object)'> (0x00000000839d1888) 
thrown [s\src\hotspot\share\interpreter\linkResolver.cpp, line 784]
Event: 11.073 Thread 0x000002438525e320 Exception <a 'java/lang/NoSuchMethodError'{0x00000000839d5b58}: 'java.lang.Object java.lang.invoke.Invokers$Holder.linkToTargetMethod(java.lang.Object, java.lang.Object, long, java.lang.Object, java.lang.Object)'> (0x00000000839d5b58) 
thrown [s\src\hotspot\share\interpreter\linkResolver.cpp, line 784]
Event: 11.130 Thread 0x000002438525e320 Exception <a 'java/lang/NoSuchMethodError'{0x0000000083640d58}: 'java.lang.Object java.lang.invoke.DirectMethodHandle$Holder.newInvokeSpecial(java.lang.Object, java.lang.Object, java.lang.Object, java.lang.Object, java.lang.Object, java.lang.Object, java.lang.Object, java.lang.Object, java.lang.Object, java.lang.Object, java.lang.Object, java.lang.Object, java.lang.Object, java.lang.Object, java.lang.Object, java.lang.Object, java.lang.Object, java.lang.Object, java.lang.Object, java.lang.Object, java.lang
Event: 11.236 Thread 0x000002438525e320 Implicit null exception at 0x00000243f2a488ef to 0x00000243f2a489a0
Event: 11.420 Thread 0x000002438525e320 Exception <a 'java/lang/IncompatibleClassChangeError'{0x0000000082c88a88}: Found class java.lang.Object, but interface was expected> (0x0000000082c88a88) 
thrown [s\src\hotspot\share\interpreter\linkResolver.cpp, line 851]
Event: 11.572 Thread 0x000002438525e320 Exception <a 'java/lang/NoSuchMethodError'{0x00000000866cbdf8}: 'java.lang.Object java.lang.invoke.DirectMethodHandle$Holder.newInvokeSpecial(java.lang.Object, int, java.lang.Object)'> (0x00000000866cbdf8) 
thrown [s\src\hotspot\share\interpreter\linkResolver.cpp, line 784]

ZGC Phase Switch (0 events):
No events

VM Operations (20 events):
Event: 9.912 Executing VM operation: ICBufferFull
Event: 9.912 Executing VM operation: ICBufferFull done
Event: 9.934 Executing VM operation: HandshakeAllThreads (Deoptimize)
Event: 9.934 Executing VM operation: HandshakeAllThreads (Deoptimize) done
Event: 10.056 Executing VM operation: G1CollectForAllocation (G1 Evacuation Pause)
Event: 10.066 Executing VM operation: G1CollectForAllocation (G1 Evacuation Pause) done
Event: 10.483 Executing VM operation: G1CollectForAllocation (G1 Evacuation Pause)
Event: 10.492 Executing VM operation: G1CollectForAllocation (G1 Evacuation Pause) done
Event: 10.620 Executing VM operation: HandshakeAllThreads (Deoptimize)
Event: 10.620 Executing VM operation: HandshakeAllThreads (Deoptimize) done
Event: 10.668 Executing VM operation: HandshakeAllThreads (Deoptimize)
Event: 10.668 Executing VM operation: HandshakeAllThreads (Deoptimize) done
Event: 10.940 Executing VM operation: HandshakeAllThreads (Deoptimize)
Event: 10.940 Executing VM operation: HandshakeAllThreads (Deoptimize) done
Event: 11.012 Executing VM operation: HandshakeAllThreads (Deoptimize)
Event: 11.012 Executing VM operation: HandshakeAllThreads (Deoptimize) done
Event: 11.169 Executing VM operation: ICBufferFull
Event: 11.169 Executing VM operation: ICBufferFull done
Event: 11.427 Executing VM operation: G1CollectForAllocation (G1 Evacuation Pause)
Event: 11.433 Executing VM operation: G1CollectForAllocation (G1 Evacuation Pause) done

Memory protections (0 events):
No events

Nmethod flushes (20 events):
Event: 8.680 Thread 0x00000243e5bbc140 flushing  nmethod 0x00000243eb0d0110
Event: 8.680 Thread 0x00000243e5bbc140 flushing  nmethod 0x00000243eb0d0410
Event: 8.680 Thread 0x00000243e5bbc140 flushing  nmethod 0x00000243eb0fcb10
Event: 8.680 Thread 0x00000243e5bbc140 flushing  nmethod 0x00000243eb0fe990
Event: 8.680 Thread 0x00000243e5bbc140 flushing  nmethod 0x00000243eb114e90
Event: 8.680 Thread 0x00000243e5bbc140 flushing  nmethod 0x00000243eb11aa10
Event: 8.680 Thread 0x00000243e5bbc140 flushing  nmethod 0x00000243eb11c510
Event: 8.680 Thread 0x00000243e5bbc140 flushing  nmethod 0x00000243eb128590
Event: 8.680 Thread 0x00000243e5bbc140 flushing  nmethod 0x00000243eb12bd10
Event: 8.680 Thread 0x00000243e5bbc140 flushing  nmethod 0x00000243eb13fc90
Event: 8.680 Thread 0x00000243e5bbc140 flushing  nmethod 0x00000243eb140890
Event: 8.680 Thread 0x00000243e5bbc140 flushing  nmethod 0x00000243eb172910
Event: 8.680 Thread 0x00000243e5bbc140 flushing  nmethod 0x00000243eb176890
Event: 8.680 Thread 0x00000243e5bbc140 flushing  nmethod 0x00000243eb177010
Event: 8.680 Thread 0x00000243e5bbc140 flushing  nmethod 0x00000243eb188a10
Event: 8.680 Thread 0x00000243e5bbc140 flushing  nmethod 0x00000243eb1ed610
Event: 8.680 Thread 0x00000243e5bbc140 flushing  nmethod 0x00000243eb23b790
Event: 8.680 Thread 0x00000243e5bbc140 flushing  nmethod 0x00000243eb23be90
Event: 8.680 Thread 0x00000243e5bbc140 flushing  nmethod 0x00000243eb23ec90
Event: 8.680 Thread 0x00000243e5bbc140 flushing  nmethod 0x00000243eb243b10

Events (20 events):
Event: 4.982 Thread 0x0000024385217fe0 Thread added: 0x0000024385218640
Event: 5.024 Thread 0x0000024385217fe0 Thread added: 0x000002438523c9b0
Event: 5.035 Thread 0x0000024385217fe0 Thread added: 0x000002438525e320
Event: 5.056 Thread 0x000002438525e320 Thread added: 0x000002438524f8f0
Event: 5.065 Thread 0x000002438525e320 Thread added: 0x000002438510db50
Event: 5.067 Thread 0x000002438525e320 Thread added: 0x000002438510e1e0
Event: 5.787 Thread 0x000002438525e320 Thread added: 0x000002438510e870
Event: 5.801 Thread 0x000002438525e320 Thread added: 0x000002438510ba80
Event: 5.861 Thread 0x000002438525e320 Thread added: 0x000002438510ef00
Event: 6.079 Thread 0x00000243fedf2540 Thread added: 0x00000243843d3ec0
Event: 6.971 Thread 0x00000243843d3ec0 Thread exited: 0x00000243843d3ec0
Event: 7.930 Thread 0x000002438525e320 Thread added: 0x000002438510c110
Event: 8.191 Thread 0x000002438525e320 Thread added: 0x000002438510c7a0
Event: 8.215 Thread 0x000002438525e320 Thread added: 0x000002438510ce30
Event: 8.447 Thread 0x000002438525e320 Thread added: 0x000002438510d4c0
Event: 8.454 Thread 0x000002438525e320 Thread added: 0x0000024386783d50
Event: 8.840 Thread 0x000002438525e320 Thread added: 0x0000024386785790
Event: 9.063 Thread 0x000002438525e320 Thread added: 0x0000024386784a70
Event: 9.201 Thread 0x000002438525e320 Thread added: 0x0000024386783030
Event: 9.421 Thread 0x00000243fedf2540 Thread added: 0x000002438412c680


Dynamic libraries:
0x00007ff758b30000 - 0x00007ff758b3a000 	C:\Program Files\Android\Android Studio\jbr\bin\java.exe
0x00007ffe4bef0000 - 0x00007ffe4c107000 	C:\WINDOWS\SYSTEM32\ntdll.dll
0x00007ffe49e90000 - 0x00007ffe49f54000 	C:\WINDOWS\System32\KERNEL32.DLL
0x00007ffe492d0000 - 0x00007ffe496a3000 	C:\WINDOWS\System32\KERNELBASE.dll
0x00007ffe43660000 - 0x00007ffe43678000 	C:\Program Files\Android\Android Studio\jbr\bin\jli.dll
0x00007ffe49730000 - 0x00007ffe49841000 	C:\WINDOWS\System32\ucrtbase.dll
0x00007ffe2d0a0000 - 0x00007ffe2d0bb000 	C:\Program Files\Android\Android Studio\jbr\bin\VCRUNTIME140.dll
0x00007ffe4b450000 - 0x00007ffe4b601000 	C:\WINDOWS\System32\USER32.dll
0x00007ffe49b60000 - 0x00007ffe49b86000 	C:\WINDOWS\System32\win32u.dll
0x00007ffe4bc20000 - 0x00007ffe4bc49000 	C:\WINDOWS\System32\GDI32.dll
0x00007ffe498d0000 - 0x00007ffe499eb000 	C:\WINDOWS\System32\gdi32full.dll
0x00007ffe49000000 - 0x00007ffe4909a000 	C:\WINDOWS\System32\msvcp_win.dll
0x00007ffe30230000 - 0x00007ffe304c8000 	C:\WINDOWS\WinSxS\amd64_microsoft.windows.common-controls_6595b64144ccf1df_6.0.22621.5124_none_270e8f4f7386d69d\COMCTL32.dll
0x00007ffe4a950000 - 0x00007ffe4a9f7000 	C:\WINDOWS\System32\msvcrt.dll
0x00007ffe49c20000 - 0x00007ffe49c51000 	C:\WINDOWS\System32\IMM32.DLL
0x00007ffe425f0000 - 0x00007ffe425fc000 	C:\Program Files\Android\Android Studio\jbr\bin\vcruntime140_1.dll
0x00007ffddf810000 - 0x00007ffddf89d000 	C:\Program Files\Android\Android Studio\jbr\bin\msvcp140.dll
0x00007ffd9c720000 - 0x00007ffd9d3aa000 	C:\Program Files\Android\Android Studio\jbr\bin\server\jvm.dll
0x00007ffe4b610000 - 0x00007ffe4b6c1000 	C:\WINDOWS\System32\ADVAPI32.dll
0x00007ffe4b930000 - 0x00007ffe4b9d8000 	C:\WINDOWS\System32\sechost.dll
0x00007ffe490a0000 - 0x00007ffe490c8000 	C:\WINDOWS\System32\bcrypt.dll
0x00007ffe4bc60000 - 0x00007ffe4bd74000 	C:\WINDOWS\System32\RPCRT4.dll
0x00007ffe4bd80000 - 0x00007ffe4bdf1000 	C:\WINDOWS\System32\WS2_32.dll
0x00007ffe48e20000 - 0x00007ffe48e6d000 	C:\WINDOWS\SYSTEM32\POWRPROF.dll
0x00007ffe42670000 - 0x00007ffe426a4000 	C:\WINDOWS\SYSTEM32\WINMM.dll
0x00007ffe423f0000 - 0x00007ffe423fa000 	C:\WINDOWS\SYSTEM32\VERSION.dll
0x00007ffe48e00000 - 0x00007ffe48e13000 	C:\WINDOWS\SYSTEM32\UMPDC.dll
0x00007ffe48000000 - 0x00007ffe48018000 	C:\WINDOWS\SYSTEM32\kernel.appcore.dll
0x00007ffe2d6f0000 - 0x00007ffe2d6fa000 	C:\Program Files\Android\Android Studio\jbr\bin\jimage.dll
0x00007ffe46960000 - 0x00007ffe46b92000 	C:\WINDOWS\SYSTEM32\DBGHELP.DLL
0x00007ffe4af90000 - 0x00007ffe4b322000 	C:\WINDOWS\System32\combase.dll
0x00007ffe4bb40000 - 0x00007ffe4bc17000 	C:\WINDOWS\System32\OLEAUT32.dll
0x00007ffe31280000 - 0x00007ffe312b2000 	C:\WINDOWS\SYSTEM32\dbgcore.DLL
0x00007ffe49850000 - 0x00007ffe498cb000 	C:\WINDOWS\System32\bcryptPrimitives.dll
0x00007ffe164d0000 - 0x00007ffe164de000 	C:\Program Files\Android\Android Studio\jbr\bin\instrument.dll
0x00007ffe230b0000 - 0x00007ffe230d0000 	C:\Program Files\Android\Android Studio\jbr\bin\java.dll
0x00007ffe22cf0000 - 0x00007ffe22d08000 	C:\Program Files\Android\Android Studio\jbr\bin\zip.dll
0x00007ffe4a050000 - 0x00007ffe4a8e6000 	C:\WINDOWS\System32\SHELL32.dll
0x00007ffe490d0000 - 0x00007ffe4920f000 	C:\WINDOWS\System32\wintypes.dll
0x00007ffe46ed0000 - 0x00007ffe477ea000 	C:\WINDOWS\SYSTEM32\windows.storage.dll
0x00007ffe4aa00000 - 0x00007ffe4ab0a000 	C:\WINDOWS\System32\SHCORE.dll
0x00007ffe49c60000 - 0x00007ffe49cc3000 	C:\WINDOWS\System32\shlwapi.dll
0x00007ffe48f30000 - 0x00007ffe48f5b000 	C:\WINDOWS\SYSTEM32\profapi.dll
0x00007ffe2d090000 - 0x00007ffe2d0a0000 	C:\Program Files\Android\Android Studio\jbr\bin\net.dll
0x00007ffe458b0000 - 0x00007ffe459dc000 	C:\WINDOWS\SYSTEM32\WINHTTP.dll
0x00007ffe48480000 - 0x00007ffe484ea000 	C:\WINDOWS\system32\mswsock.dll
0x00007ffe22100000 - 0x00007ffe22116000 	C:\Program Files\Android\Android Studio\jbr\bin\nio.dll
0x00007ffe19360000 - 0x00007ffe19370000 	C:\Program Files\Android\Android Studio\jbr\bin\verify.dll
0x00007ffe454e0000 - 0x00007ffe45507000 	C:\Users\ryanj\.gradle\native\c067742578af261105cb4f569cf0c3c89f3d7b1fecec35dd04571415982c5e48\windows-amd64\native-platform.dll
0x00007ffddf6c0000 - 0x00007ffddf804000 	C:\Users\ryanj\.gradle\native\100fb08df4bc3b14c8652ba06237920a3bd2aa13389f12d3474272988ae205f9\windows-amd64\native-platform-file-events.dll
0x00007ffe220f0000 - 0x00007ffe220f9000 	C:\Program Files\Android\Android Studio\jbr\bin\management.dll
0x00007ffe220e0000 - 0x00007ffe220eb000 	C:\Program Files\Android\Android Studio\jbr\bin\management_ext.dll
0x00007ffe4be10000 - 0x00007ffe4be18000 	C:\WINDOWS\System32\PSAPI.DLL
0x00007ffe486e0000 - 0x00007ffe486fb000 	C:\WINDOWS\SYSTEM32\CRYPTSP.dll
0x00007ffe47f60000 - 0x00007ffe47f97000 	C:\WINDOWS\system32\rsaenh.dll
0x00007ffe48580000 - 0x00007ffe485a8000 	C:\WINDOWS\SYSTEM32\USERENV.dll
0x00007ffe48700000 - 0x00007ffe4870c000 	C:\WINDOWS\SYSTEM32\CRYPTBASE.dll
0x00007ffe47a50000 - 0x00007ffe47a7d000 	C:\WINDOWS\SYSTEM32\IPHLPAPI.DLL
0x00007ffe4b440000 - 0x00007ffe4b449000 	C:\WINDOWS\System32\NSI.dll
0x00007ffe2cf90000 - 0x00007ffe2cf99000 	C:\Program Files\Android\Android Studio\jbr\bin\extnet.dll
0x00007ffe0fb70000 - 0x00007ffe0fb78000 	C:\WINDOWS\system32\wshunix.dll

dbghelp: loaded successfully - version: 4.0.5 - missing functions: none
symbol engine: initialized successfully - sym options: 0x614 - pdb path: .;C:\Program Files\Android\Android Studio\jbr\bin;C:\WINDOWS\SYSTEM32;C:\WINDOWS\WinSxS\amd64_microsoft.windows.common-controls_6595b64144ccf1df_6.0.22621.5124_none_270e8f4f7386d69d;C:\Program Files\Android\Android Studio\jbr\bin\server;C:\Users\ryanj\.gradle\native\c067742578af261105cb4f569cf0c3c89f3d7b1fecec35dd04571415982c5e48\windows-amd64;C:\Users\ryanj\.gradle\native\100fb08df4bc3b14c8652ba06237920a3bd2aa13389f12d3474272988ae205f9\windows-amd64

VM Arguments:
jvm_args: --add-opens=java.base/java.lang=ALL-UNNAMED --add-opens=java.base/java.lang.invoke=ALL-UNNAMED --add-opens=java.base/java.util=ALL-UNNAMED --add-opens=java.prefs/java.util.prefs=ALL-UNNAMED --add-exports=jdk.compiler/com.sun.tools.javac.api=ALL-UNNAMED --add-exports=jdk.compiler/com.sun.tools.javac.util=ALL-UNNAMED --add-opens=java.base/java.util=ALL-UNNAMED --add-opens=java.prefs/java.util.prefs=ALL-UNNAMED --add-opens=java.base/java.nio.charset=ALL-UNNAMED --add-opens=java.base/java.net=ALL-UNNAMED --add-opens=java.base/java.util.concurrent.atomic=ALL-UNNAMED --add-opens=java.xml/javax.xml.namespace=ALL-UNNAMED -Xmx2048m -Dfile.encoding=UTF-8 -Duser.country=IE -Duser.language=en -Duser.variant -javaagent:C:\Users\ryanj\.gradle\wrapper\dists\gradle-8.11.1-bin\bpt9gzteqjrbo1mjrsomdt32c\gradle-8.11.1\lib\agents\gradle-instrumentation-agent-8.11.1.jar 
java_command: org.gradle.launcher.daemon.bootstrap.GradleDaemon 8.11.1
java_class_path (initial): C:\Users\ryanj\.gradle\wrapper\dists\gradle-8.11.1-bin\bpt9gzteqjrbo1mjrsomdt32c\gradle-8.11.1\lib\gradle-daemon-main-8.11.1.jar
Launcher Type: SUN_STANDARD

[Global flags]
     intx CICompilerCount                          = 3                                         {product} {ergonomic}
     uint ConcGCThreads                            = 1                                         {product} {ergonomic}
     uint G1ConcRefinementThreads                  = 4                                         {product} {ergonomic}
   size_t G1HeapRegionSize                         = 1048576                                   {product} {ergonomic}
    uintx GCDrainStackTargetSize                   = 64                                        {product} {ergonomic}
   size_t InitialHeapSize                          = 130023424                                 {product} {ergonomic}
   size_t MarkStackSize                            = 4194304                                   {product} {ergonomic}
   size_t MaxHeapSize                              = 2147483648                                {product} {command line}
   size_t MaxNewSize                               = 1287651328                                {product} {ergonomic}
   size_t MinHeapDeltaBytes                        = 1048576                                   {product} {ergonomic}
   size_t MinHeapSize                              = 8388608                                   {product} {ergonomic}
    uintx NonNMethodCodeHeapSize                   = 5832780                                {pd product} {ergonomic}
    uintx NonProfiledCodeHeapSize                  = 122912730                              {pd product} {ergonomic}
    uintx ProfiledCodeHeapSize                     = 122912730                              {pd product} {ergonomic}
    uintx ReservedCodeCacheSize                    = 251658240                              {pd product} {ergonomic}
     bool SegmentedCodeCache                       = true                                      {product} {ergonomic}
   size_t SoftMaxHeapSize                          = 2147483648                             {manageable} {ergonomic}
     bool UseCompressedOops                        = true                           {product lp64_product} {ergonomic}
     bool UseG1GC                                  = true                                      {product} {ergonomic}
     bool UseLargePagesIndividualAllocation        = false                                  {pd product} {ergonomic}

Logging:
Log output configuration:
 #0: stdout all=warning uptime,level,tags foldmultilines=false
 #1: stderr all=off uptime,level,tags foldmultilines=false

Environment Variables:
PATH=C:\Program Files (x86)\Common Files\Oracle\Java\java8path;C:\Program Files (x86)\Common Files\Oracle\Java\javapath;C:\WINDOWS\system32;C:\WINDOWS;C:\WINDOWS\System32\Wbem;C:\WINDOWS\System32\WindowsPowerShell\v1.0\;C:\WINDOWS\System32\OpenSSH\;C:\Program Files (x86)\Windows Kits\10\Windows Performance Toolkit\;C:\Program Files\Microsoft VS Code\bin;C:\Program Files\dotnet\;C:\Program Files\Microsoft SQL Server\150\Tools\Binn\;C:\Program Files\Microsoft SQL Server\Client SDK\ODBC\170\Tools\Binn\;C:\Users\ryanj\AppData\Local\nvm;C:\nvm4w\nodejs;C:\Program Files\Git\cmd;C:\Program Files\nodejs\;C:\Users\ryanj\.cargo\bin;C:\Users\ryanj\AppData\Local\Microsoft\WindowsApps;C:\Users\ryanj\AppData\Local\Programs\Microsoft VS Code\bin;C:\Program Files\JetBrains\IntelliJ IDEA Community Edition 2023.1\bin;;C:\PythonXX\Scripts\Django;C:\Users\ryanj\.dotnet\tools;C:\Users\ryanj\AppData\Local\nvm;C:\nvm4w\nodejs;C:\Users\ryanj\AppData\Roaming\npm;C:\Program Files\heroku\bin
USERNAME=ryanj
OS=Windows_NT
PROCESSOR_IDENTIFIER=Intel64 Family 6 Model 140 Stepping 1, GenuineIntel
TMP=C:\Users\ryanj\AppData\Local\Temp
TEMP=C:\Users\ryanj\AppData\Local\Temp




Periodic native trim disabled

JNI global refs:
JNI global refs: 24, weak refs: 0

JNI global refs memory usage: 835, weak refs: 833

Process memory usage:
Resident Set Size: 263232K (3% of 8104744K total physical memory with 826060K free physical memory)

OOME stack traces (most recent first):
Classloader memory used:
Loader org.gradle.internal.classloader.VisitableURLClassLoader                         : 23922K
Loader bootstrap                                                                       : 21587K
Loader org.gradle.initialization.MixInLegacyTypesClassLoader                           : 5332K
Loader jdk.internal.loader.ClassLoaders$PlatformClassLoader                            : 517K
Loader jdk.internal.loader.ClassLoaders$AppClassLoader                                 : 234K
Loader org.gradle.internal.classloader.VisitableURLClassLoader                         : 18960B

Classes loaded by more than one classloader:
Class org.gradle.internal.classloader.FilteringClassLoader                            : loaded 2 times (x 101B)
Class org.gradle.internal.classloader.ClassLoaderHierarchy                            : loaded 2 times (x 66B)
Class org.gradle.api.internal.classpath.ManifestUtil                                  : loaded 2 times (x 67B)
Class org.gradle.internal.classloader.DefaultClassLoaderFactory                       : loaded 2 times (x 78B)
Class org.gradle.internal.classloader.ClassLoaderVisitor                              : loaded 2 times (x 72B)
Class org.gradle.api.internal.classpath.EffectiveClassPath                            : loaded 2 times (x 86B)
Class org.gradle.api.internal.DefaultClassPathProvider                                : loaded 2 times (x 72B)
Class [Lorg.gradle.api.internal.ClassPathProvider;                                    : loaded 2 times (x 65B)
Class org.gradle.api.internal.ClassPathProvider                                       : loaded 2 times (x 66B)
Class org.gradle.internal.service.UnknownServiceException                             : loaded 2 times (x 79B)
Class org.gradle.internal.classpath.TransformedClassPath                              : loaded 2 times (x 92B)
Class org.gradle.internal.classloader.InstrumentingClassLoader                        : loaded 2 times (x 66B)
Class org.gradle.internal.service.ServiceLocator                                      : loaded 2 times (x 66B)
Class org.gradle.internal.InternalTransformer                                         : loaded 2 times (x 66B)
Class org.gradle.internal.classloader.ClasspathUtil$1                                 : loaded 2 times (x 72B)
Class org.gradle.api.internal.classpath.DefaultModuleRegistry$DefaultModule           : loaded 2 times (x 82B)
Class org.gradle.api.internal.classpath.Module                                        : loaded 2 times (x 66B)
Class org.gradle.api.internal.classpath.UnknownModuleException                        : loaded 2 times (x 78B)
Class org.gradle.api.internal.DefaultClassPathRegistry                                : loaded 2 times (x 72B)
Class org.gradle.api.internal.ClassPathRegistry                                       : loaded 2 times (x 66B)
Class org.gradle.internal.classpath.DefaultClassPath$ImmutableUniqueList              : loaded 2 times (x 195B)
Class org.gradle.internal.classpath.ClassPath                                         : loaded 2 times (x 66B)
Class org.gradle.api.UncheckedIOException                                             : loaded 2 times (x 78B)
Class org.gradle.internal.installation.GradleInstallation$1                           : loaded 2 times (x 71B)
Class org.gradle.api.internal.classpath.ModuleRegistry                                : loaded 2 times (x 66B)
Class org.gradle.api.internal.classpath.DefaultModuleRegistry                         : loaded 2 times (x 82B)
Class org.gradle.internal.service.ServiceLookupException                              : loaded 2 times (x 78B)
Class org.gradle.internal.classloader.ClassLoaderFactory                              : loaded 2 times (x 66B)
Class org.gradle.internal.service.CachingServiceLocator                               : loaded 2 times (x 78B)
Class org.gradle.internal.classloader.ClasspathUtil                                   : loaded 2 times (x 67B)
Class org.gradle.api.specs.Spec                                                       : loaded 2 times (x 66B)
Class org.gradle.internal.classloader.VisitableURLClassLoader$InstrumentingVisitableURLClassLoader: loaded 2 times (x 119B)
Class org.gradle.internal.classloader.VisitableURLClassLoader$Spec                    : loaded 2 times (x 70B)
Class org.gradle.internal.classpath.DefaultClassPath                                  : loaded 2 times (x 86B)
Class org.gradle.internal.classloader.ClassLoaderSpec                                 : loaded 2 times (x 67B)
Class org.gradle.internal.classloader.VisitableURLClassLoader                         : loaded 2 times (x 113B)
Class org.gradle.internal.Cast                                                        : loaded 2 times (x 67B)
Class org.gradle.api.Action                                                           : loaded 2 times (x 66B)
Class org.gradle.internal.classpath.DefaultClassPath$ImmutableUniqueList$Builder      : loaded 2 times (x 71B)
Class org.gradle.api.GradleException                                                  : loaded 2 times (x 78B)
Class org.gradle.internal.IoActions                                                   : loaded 2 times (x 67B)
Class org.gradle.internal.classloader.SystemClassLoaderSpec                           : loaded 2 times (x 67B)
Class org.gradle.api.internal.classpath.GlobalCacheRootsProvider                      : loaded 2 times (x 66B)
Class org.gradle.internal.installation.CurrentGradleInstallationLocator               : loaded 2 times (x 67B)
Class org.gradle.internal.service.DefaultServiceLocator                               : loaded 2 times (x 79B)
Class org.gradle.internal.installation.CurrentGradleInstallation                      : loaded 2 times (x 69B)
Class org.gradle.util.internal.GUtil                                                  : loaded 2 times (x 67B)
Class org.gradle.internal.installation.GradleInstallation                             : loaded 2 times (x 71B)

---------------  S Y S T E M  ---------------

OS:
 Windows 11 , 64 bit Build 22621 (10.0.22621.5124)
OS uptime: 0 days 2:02 hours
Hyper-V role detected

CPU: total 4 (initial active 4) (2 cores per cpu, 2 threads per core) family 6 model 140 stepping 1 microcode 0xba, cx8, cmov, fxsr, ht, mmx, 3dnowpref, sse, sse2, sse3, ssse3, sse4.1, sse4.2, popcnt, lzcnt, tsc, tscinvbit, avx, avx2, aes, erms, clmul, bmi1, bmi2, adx, avx512f, avx512dq, avx512cd, avx512bw, avx512vl, sha, fma, vzeroupper, avx512_vpopcntdq, avx512_vpclmulqdq, avx512_vaes, avx512_vnni, clflush, clflushopt, clwb, avx512_vbmi2, avx512_vbmi, hv, rdtscp, rdpid, fsrm, gfni, avx512_bitalg, f16c, cet_ibt, cet_ss, avx512_ifma
Processor Information for all 4 processors :
  Max Mhz: 2995, Current Mhz: 2995, Mhz Limit: 2995

Memory: 4k page, system-wide physical 7914M (806M free)
TotalPageFile size 18240M (AvailPageFile size 4M)
current process WorkingSet (physical memory assigned to process): 257M, peak: 257M
current process commit charge ("private bytes"): 286M, peak: 289M

vm_info: OpenJDK 64-Bit Server VM (21.0.5+-12932927-b750.29) for windows-amd64 JRE (21.0.5+-12932927-b750.29), built on 2025-01-17T02:01:10Z by "builder" with MS VC++ 16.10 / 16.11 (VS2019)

END.
