#
# There is insufficient memory for the Java Runtime Environment to continue.
# Native memory allocation (mmap) failed to map 10485760 bytes. Error detail: G1 virtual space
# Possible reasons:
#   The system is out of physical RAM or swap space
#   This process is running with CompressedOops enabled, and the Java Heap may be blocking the growth of the native heap
# Possible solutions:
#   Reduce memory load on the system
#   Increase physical memory or swap space
#   Check if swap backing store is full
#   Decrease Java heap size (-Xmx/-Xms)
#   Decrease number of Java threads
#   Decrease Java thread stack sizes (-Xss)
#   Set larger code cache with -XX:ReservedCodeCacheSize=
#   JVM is running with Unscaled Compressed Oops mode in which the Java heap is
#     placed in the first 4GB address space. The Java Heap base address is the
#     maximum limit for the native heap growth. Please use -XX:HeapBaseMinAddress
#     to set the Java Heap base and to place the Java Heap above 4GB virtual address.
# This output file may be truncated or incomplete.
#
#  Out of Memory Error (os_windows.cpp:3828), pid=9388, tid=18188
#
# JRE version: OpenJDK Runtime Environment (21.0.5) (build 21.0.5+-12932927-b750.29)
# Java VM: OpenJDK 64-Bit Server VM (21.0.5+-12932927-b750.29, mixed mode, tiered, compressed oops, compressed class ptrs, g1 gc, windows-amd64)
# No core dump will be written. Minidumps are not enabled by default on client versions of Windows
#

---------------  S U M M A R Y ------------

Command Line: --add-opens=java.base/java.lang=ALL-UNNAMED --add-opens=java.base/java.lang.invoke=ALL-UNNAMED --add-opens=java.base/java.util=ALL-UNNAMED --add-opens=java.prefs/java.util.prefs=ALL-UNNAMED --add-exports=jdk.compiler/com.sun.tools.javac.api=ALL-UNNAMED --add-exports=jdk.compiler/com.sun.tools.javac.util=ALL-UNNAMED --add-opens=java.base/java.util=ALL-UNNAMED --add-opens=java.prefs/java.util.prefs=ALL-UNNAMED --add-opens=java.base/java.nio.charset=ALL-UNNAMED --add-opens=java.base/java.net=ALL-UNNAMED --add-opens=java.base/java.util.concurrent.atomic=ALL-UNNAMED --add-opens=java.xml/javax.xml.namespace=ALL-UNNAMED -Xmx2048m -Dfile.encoding=UTF-8 -Duser.country=IE -Duser.language=en -Duser.variant -javaagent:C:\Users\ryanj\.gradle\wrapper\dists\gradle-8.11.1-bin\bpt9gzteqjrbo1mjrsomdt32c\gradle-8.11.1\lib\agents\gradle-instrumentation-agent-8.11.1.jar org.gradle.launcher.daemon.bootstrap.GradleDaemon 8.11.1

Host: 11th Gen Intel(R) Core(TM) i3-1115G4 @ 3.00GHz, 4 cores, 7G,  Windows 11 , 64 bit Build 22621 (10.0.22621.5124)
Time: Mon Apr 14 20:10:44 2025 GMT Daylight Time elapsed time: 14.998666 seconds (0d 0h 0m 14s)

---------------  T H R E A D  ---------------

Current thread (0x0000025dfeac5c70):  VMThread "VM Thread"          [id=18188, stack(0x0000009f6f000000,0x0000009f6f100000) (1024K)]

Stack: [0x0000009f6f000000,0x0000009f6f100000]
Native frames: (J=compiled Java code, j=interpreted, Vv=VM code, C=native code)
V  [jvm.dll+0x6cfb29]
V  [jvm.dll+0x85ded3]
V  [jvm.dll+0x86042e]
V  [jvm.dll+0x860b13]
V  [jvm.dll+0x27e6b6]
V  [jvm.dll+0x6cc385]
V  [jvm.dll+0x6c078a]
V  [jvm.dll+0x35525b]
V  [jvm.dll+0x35ceb6]
V  [jvm.dll+0x3aedd6]
V  [jvm.dll+0x3af0a8]
V  [jvm.dll+0x32792c]
V  [jvm.dll+0x32a336]
V  [jvm.dll+0x33426d]
V  [jvm.dll+0x36b8e5]
V  [jvm.dll+0x866898]
V  [jvm.dll+0x867c14]
V  [jvm.dll+0x868150]
V  [jvm.dll+0x8683e3]
V  [jvm.dll+0x806368]
V  [jvm.dll+0x6ce3fd]
C  [ucrtbase.dll+0x29333]
C  [KERNEL32.DLL+0x1259d]
C  [ntdll.dll+0x5af38]

VM_Operation (0x0000009f6ebff800): G1PauseRemark, mode: safepoint, requested by thread 0x0000025de5d76310


---------------  P R O C E S S  ---------------

Threads class SMR info:
_java_thread_list=0x0000025d87718040, length=42, elements={
0x0000025de5d0cb40, 0x0000025dfec6df70, 0x0000025dfec6e830, 0x0000025dfec6f640,
0x0000025dfec7d470, 0x0000025dfec7dec0, 0x0000025dfec7e910, 0x0000025dfec7f360,
0x0000025dfec80920, 0x0000025dfea600b0, 0x0000025dff150ef0, 0x0000025d8528c160,
0x0000025d85112a80, 0x0000025d84fa4aa0, 0x0000025d851952f0, 0x0000025d85153850,
0x0000025d852368d0, 0x0000025d85234270, 0x0000025d852348d0, 0x0000025d85314df0,
0x0000025d85349980, 0x0000025d8534c770, 0x0000025d8534c0e0, 0x0000025d8534a010,
0x0000025d8534a6a0, 0x0000025d853492f0, 0x0000025d8534ad30, 0x0000025d8534b3c0,
0x0000025d86ad3f00, 0x0000025d86ad4590, 0x0000025d86ad6cf0, 0x0000025d86ad3870,
0x0000025d87b97bd0, 0x0000025d86ad52b0, 0x0000025d86ad5940, 0x0000025d86ad0a80,
0x0000025d86ad5fd0, 0x0000025d86ad6660, 0x0000025d86acfd60, 0x0000025d86ad03f0,
0x0000025d86ad7380, 0x0000025d879c4430
}

Java Threads: ( => current thread )
  0x0000025de5d0cb40 JavaThread "main"                              [_thread_blocked, id=18260, stack(0x0000009f6e900000,0x0000009f6ea00000) (1024K)]
  0x0000025dfec6df70 JavaThread "Reference Handler"          daemon [_thread_blocked, id=8152, stack(0x0000009f6f100000,0x0000009f6f200000) (1024K)]
  0x0000025dfec6e830 JavaThread "Finalizer"                  daemon [_thread_blocked, id=19284, stack(0x0000009f6f200000,0x0000009f6f300000) (1024K)]
  0x0000025dfec6f640 JavaThread "Signal Dispatcher"          daemon [_thread_blocked, id=1716, stack(0x0000009f6f300000,0x0000009f6f400000) (1024K)]
  0x0000025dfec7d470 JavaThread "Attach Listener"            daemon [_thread_blocked, id=7188, stack(0x0000009f6f400000,0x0000009f6f500000) (1024K)]
  0x0000025dfec7dec0 JavaThread "Service Thread"             daemon [_thread_blocked, id=14788, stack(0x0000009f6f500000,0x0000009f6f600000) (1024K)]
  0x0000025dfec7e910 JavaThread "Monitor Deflation Thread"   daemon [_thread_blocked, id=17080, stack(0x0000009f6f600000,0x0000009f6f700000) (1024K)]
  0x0000025dfec7f360 JavaThread "C2 CompilerThread0"         daemon [_thread_blocked, id=20224, stack(0x0000009f6f700000,0x0000009f6f800000) (1024K)]
  0x0000025dfec80920 JavaThread "C1 CompilerThread0"         daemon [_thread_blocked, id=16108, stack(0x0000009f6f800000,0x0000009f6f900000) (1024K)]
  0x0000025dfea600b0 JavaThread "Common-Cleaner"             daemon [_thread_blocked, id=7024, stack(0x0000009f6f900000,0x0000009f6fa00000) (1024K)]
  0x0000025dff150ef0 JavaThread "Notification Thread"        daemon [_thread_blocked, id=8940, stack(0x0000009f6fa00000,0x0000009f6fb00000) (1024K)]
  0x0000025d8528c160 JavaThread "Daemon health stats"               [_thread_blocked, id=18652, stack(0x0000009f6fd00000,0x0000009f6fe00000) (1024K)]
  0x0000025d85112a80 JavaThread "Incoming local TCP Connector on port 53544"        [_thread_in_native, id=2756, stack(0x0000009f6ff00000,0x0000009f70000000) (1024K)]
  0x0000025d84fa4aa0 JavaThread "Daemon periodic checks"            [_thread_blocked, id=15520, stack(0x0000009f70000000,0x0000009f70100000) (1024K)]
  0x0000025d851952f0 JavaThread "Daemon"                            [_thread_blocked, id=19932, stack(0x0000009f70100000,0x0000009f70200000) (1024K)]
  0x0000025d85153850 JavaThread "Handler for socket connection from /127.0.0.1:53544 to /127.0.0.1:53545"        [_thread_in_native, id=12388, stack(0x0000009f70200000,0x0000009f70300000) (1024K)]
  0x0000025d852368d0 JavaThread "Cancel handler"                    [_thread_blocked, id=19328, stack(0x0000009f70300000,0x0000009f70400000) (1024K)]
  0x0000025d85234270 JavaThread "Daemon worker"                     [_thread_blocked, id=7036, stack(0x0000009f70400000,0x0000009f70500000) (1024K)]
  0x0000025d852348d0 JavaThread "Asynchronous log dispatcher for DefaultDaemonConnection: socket connection from /127.0.0.1:53544 to /127.0.0.1:53545"        [_thread_blocked, id=15628, stack(0x0000009f70500000,0x0000009f70600000) (1024K)]
  0x0000025d85314df0 JavaThread "Stdin handler"                     [_thread_blocked, id=7788, stack(0x0000009f70600000,0x0000009f70700000) (1024K)]
  0x0000025d85349980 JavaThread "Daemon client event forwarder"        [_thread_blocked, id=7332, stack(0x0000009f70700000,0x0000009f70800000) (1024K)]
  0x0000025d8534c770 JavaThread "Cache worker for journal cache (C:\Users\ryanj\.gradle\caches\journal-1)"        [_thread_blocked, id=13196, stack(0x0000009f70800000,0x0000009f70900000) (1024K)]
  0x0000025d8534c0e0 JavaThread "File lock request listener"        [_thread_in_native, id=16604, stack(0x0000009f70900000,0x0000009f70a00000) (1024K)]
  0x0000025d8534a010 JavaThread "Cache worker for file hash cache (C:\Users\ryanj\.gradle\caches\8.11.1\fileHashes)"        [_thread_blocked, id=13360, stack(0x0000009f70a00000,0x0000009f70b00000) (1024K)]
  0x0000025d8534a6a0 JavaThread "Cache worker for file content cache (C:\Users\ryanj\.gradle\caches\8.11.1\fileContent)"        [_thread_blocked, id=18156, stack(0x0000009f70b00000,0x0000009f70c00000) (1024K)]
  0x0000025d853492f0 JavaThread "Cache worker for file hash cache (C:\Users\ryanj\OneDrive - Technological University Dublin\Enterprise App Dev\GameReviews\.gradle\8.11.1\fileHashes)"        [_thread_blocked, id=18176, stack(0x0000009f70c00000,0x0000009f70d00000) (1024K)]
  0x0000025d8534ad30 JavaThread "Cache worker for Build Output Cleanup Cache (C:\Users\ryanj\OneDrive - Technological University Dublin\Enterprise App Dev\GameReviews\.gradle\buildOutputCleanup)"        [_thread_blocked, id=16748, stack(0x0000009f70d00000,0x0000009f70e00000) (1024K)]
  0x0000025d8534b3c0 JavaThread "File watcher server"        daemon [_thread_in_native, id=88, stack(0x0000009f70e00000,0x0000009f70f00000) (1024K)]
  0x0000025d86ad3f00 JavaThread "File watcher consumer"      daemon [_thread_blocked, id=9872, stack(0x0000009f70f00000,0x0000009f71000000) (1024K)]
  0x0000025d86ad4590 JavaThread "Cache worker for checksums cache (C:\Users\ryanj\OneDrive - Technological University Dublin\Enterprise App Dev\GameReviews\.gradle\8.11.1\checksums)"        [_thread_blocked, id=5364, stack(0x0000009f71000000,0x0000009f71100000) (1024K)]
  0x0000025d86ad6cf0 JavaThread "Cache worker for cache directory md-rule (C:\Users\ryanj\.gradle\caches\8.11.1\md-rule)"        [_thread_blocked, id=4552, stack(0x0000009f71100000,0x0000009f71200000) (1024K)]
  0x0000025d86ad3870 JavaThread "Cache worker for cache directory md-supplier (C:\Users\ryanj\.gradle\caches\8.11.1\md-supplier)"        [_thread_blocked, id=3176, stack(0x0000009f71200000,0x0000009f71300000) (1024K)]
  0x0000025d87b97bd0 JavaThread "C2 CompilerThread1"         daemon [_thread_blocked, id=16284, stack(0x0000009f71300000,0x0000009f71400000) (1024K)]
  0x0000025d86ad52b0 JavaThread "Unconstrained build operations"        [_thread_blocked, id=18088, stack(0x0000009f71400000,0x0000009f71500000) (1024K)]
  0x0000025d86ad5940 JavaThread "Unconstrained build operations Thread 2"        [_thread_blocked, id=13092, stack(0x0000009f71500000,0x0000009f71600000) (1024K)]
  0x0000025d86ad0a80 JavaThread "Unconstrained build operations Thread 3"        [_thread_blocked, id=2524, stack(0x0000009f71600000,0x0000009f71700000) (1024K)]
  0x0000025d86ad5fd0 JavaThread "Unconstrained build operations Thread 4"        [_thread_blocked, id=19176, stack(0x0000009f71700000,0x0000009f71800000) (1024K)]
  0x0000025d86ad6660 JavaThread "Unconstrained build operations Thread 5"        [_thread_blocked, id=9848, stack(0x0000009f71800000,0x0000009f71900000) (1024K)]
  0x0000025d86acfd60 JavaThread "Unconstrained build operations Thread 6"        [_thread_blocked, id=2228, stack(0x0000009f71900000,0x0000009f71a00000) (1024K)]
  0x0000025d86ad03f0 JavaThread "Unconstrained build operations Thread 7"        [_thread_blocked, id=20360, stack(0x0000009f71a00000,0x0000009f71b00000) (1024K)]
  0x0000025d86ad7380 JavaThread "Unconstrained build operations Thread 8"        [_thread_blocked, id=20088, stack(0x0000009f71b00000,0x0000009f71c00000) (1024K)]
  0x0000025d879c4430 JavaThread "Unconstrained build operations Thread 9"        [_thread_blocked, id=20112, stack(0x0000009f71c00000,0x0000009f71d00000) (1024K)]
Total: 42

Other Threads:
=>0x0000025dfeac5c70 VMThread "VM Thread"                           [id=18188, stack(0x0000009f6f000000,0x0000009f6f100000) (1024K)]
  0x0000025dfea5f700 WatcherThread "VM Periodic Task Thread"        [id=19244, stack(0x0000009f6ef00000,0x0000009f6f000000) (1024K)]
  0x0000025de5d65420 WorkerThread "GC Thread#0"                     [id=16908, stack(0x0000009f6ea00000,0x0000009f6eb00000) (1024K)]
  0x0000025dff1e89a0 WorkerThread "GC Thread#1"                     [id=16224, stack(0x0000009f6fb00000,0x0000009f6fc00000) (1024K)]
  0x0000025dff1c6cc0 WorkerThread "GC Thread#2"                     [id=19904, stack(0x0000009f6fc00000,0x0000009f6fd00000) (1024K)]
  0x0000025d8468f320 WorkerThread "GC Thread#3"                     [id=19860, stack(0x0000009f6fe00000,0x0000009f6ff00000) (1024K)]
  0x0000025de5d76310 ConcurrentGCThread "G1 Main Marker"            [id=18624, stack(0x0000009f6eb00000,0x0000009f6ec00000) (1024K)]
  0x0000025de5d76d20 WorkerThread "G1 Conc#0"                       [id=16844, stack(0x0000009f6ec00000,0x0000009f6ed00000) (1024K)]
  0x0000025dfe930530 ConcurrentGCThread "G1 Refine#0"               [id=10008, stack(0x0000009f6ed00000,0x0000009f6ee00000) (1024K)]
  0x0000025dfe931ed0 ConcurrentGCThread "G1 Service"                [id=18160, stack(0x0000009f6ee00000,0x0000009f6ef00000) (1024K)]
Total: 10

Threads with active compile tasks:
Total: 0

VM state: at safepoint (normal execution)

VM Mutex/Monitor currently owned by a thread:  ([mutex/lock_event])
[0x00007ffd9d2cd360] Threads_lock - owner thread: 0x0000025dfeac5c70
[0x00007ffd9d2cd460] Heap_lock - owner thread: 0x0000025de5d76310

Heap address: 0x0000000080000000, size: 2048 MB, Compressed Oops mode: 32-bit

CDS archive(s) not mapped
Compressed class space mapped at: 0x0000000100000000-0x0000000140000000, reserved size: 1073741824
Narrow klass base: 0x0000000000000000, Narrow klass shift: 3, Narrow klass range: 0x140000000

GC Precious Log:
 CardTable entry size: 512
 Card Set container configuration: InlinePtr #cards 5 size 8 Array Of Cards #cards 12 size 40 Howl #buckets 4 coarsen threshold 1843 Howl Bitmap #cards 512 size 80 coarsen threshold 460 Card regions per heap region 1 cards per card region 2048
 CPUs: 4 total, 4 available
 Memory: 7914M
 Large Page Support: Disabled
 NUMA Support: Disabled
 Compressed Oops: Enabled (32-bit)
 Heap Region Size: 1M
 Heap Min Capacity: 8M
 Heap Initial Capacity: 124M
 Heap Max Capacity: 2G
 Pre-touch: Disabled
 Parallel Workers: 4
 Concurrent Workers: 1
 Concurrent Refinement Workers: 4
 Periodic GC: Disabled

Heap:
 garbage-first heap   total 71680K, used 48712K [0x0000000080000000, 0x0000000100000000)
  region size 1024K, 5 young (5120K), 3 survivors (3072K)
 Metaspace       used 66658K, committed 68288K, reserved 1114112K
  class space    used 9058K, committed 9856K, reserved 1048576K

Heap Regions: E=young(eden), S=young(survivor), O=old, HS=humongous(starts), HC=humongous(continues), CS=collection set, F=free, TAMS=top-at-mark-start, PB=parsable bottom
|   0|0x0000000080000000, 0x0000000080100000, 0x0000000080100000|100%|HS|  |TAMS 0x0000000080100000| PB 0x0000000080000000| Complete 
|   1|0x0000000080100000, 0x0000000080200000, 0x0000000080200000|100%|HC|  |TAMS 0x0000000080200000| PB 0x0000000080100000| Complete 
|   2|0x0000000080200000, 0x0000000080300000, 0x0000000080300000|100%|HC|  |TAMS 0x0000000080300000| PB 0x0000000080200000| Complete 
|   3|0x0000000080300000, 0x0000000080400000, 0x0000000080400000|100%| O|  |TAMS 0x0000000080400000| PB 0x0000000080400000| Untracked 
|   4|0x0000000080400000, 0x0000000080500000, 0x0000000080500000|100%| O|  |TAMS 0x0000000080500000| PB 0x0000000080500000| Untracked 
|   5|0x0000000080500000, 0x0000000080600000, 0x0000000080600000|100%| O|  |TAMS 0x0000000080600000| PB 0x0000000080600000| Untracked 
|   6|0x0000000080600000, 0x0000000080700000, 0x0000000080700000|100%|HS|  |TAMS 0x0000000080700000| PB 0x0000000080600000| Complete 
|   7|0x0000000080700000, 0x0000000080800000, 0x0000000080800000|100%| O|  |TAMS 0x0000000080800000| PB 0x0000000080800000| Untracked 
|   8|0x0000000080800000, 0x0000000080900000, 0x0000000080900000|100%| O|  |TAMS 0x0000000080900000| PB 0x0000000080900000| Untracked 
|   9|0x0000000080900000, 0x0000000080a00000, 0x0000000080a00000|100%| O|  |TAMS 0x0000000080a00000| PB 0x0000000080a00000| Untracked 
|  10|0x0000000080a00000, 0x0000000080b00000, 0x0000000080b00000|100%| O|  |TAMS 0x0000000080b00000| PB 0x0000000080b00000| Untracked 
|  11|0x0000000080b00000, 0x0000000080c00000, 0x0000000080c00000|100%| O|  |TAMS 0x0000000080c00000| PB 0x0000000080c00000| Untracked 
|  12|0x0000000080c00000, 0x0000000080d00000, 0x0000000080d00000|100%| O|  |TAMS 0x0000000080d00000| PB 0x0000000080d00000| Untracked 
|  13|0x0000000080d00000, 0x0000000080e00000, 0x0000000080e00000|100%| O|  |TAMS 0x0000000080e00000| PB 0x0000000080e00000| Untracked 
|  14|0x0000000080e00000, 0x0000000080f00000, 0x0000000080f00000|100%| O|  |TAMS 0x0000000080f00000| PB 0x0000000080f00000| Untracked 
|  15|0x0000000080f00000, 0x0000000081000000, 0x0000000081000000|100%| O|  |TAMS 0x0000000081000000| PB 0x0000000081000000| Untracked 
|  16|0x0000000081000000, 0x0000000081100000, 0x0000000081100000|100%| O|  |TAMS 0x0000000081100000| PB 0x0000000081100000| Untracked 
|  17|0x0000000081100000, 0x0000000081200000, 0x0000000081200000|100%| O|  |TAMS 0x0000000081200000| PB 0x0000000081200000| Updating 
|  18|0x0000000081200000, 0x0000000081300000, 0x0000000081300000|100%| O|  |TAMS 0x0000000081300000| PB 0x0000000081300000| Untracked 
|  19|0x0000000081300000, 0x0000000081400000, 0x0000000081400000|100%| O|  |TAMS 0x0000000081400000| PB 0x0000000081400000| Untracked 
|  20|0x0000000081400000, 0x0000000081500000, 0x0000000081500000|100%| O|  |TAMS 0x0000000081500000| PB 0x0000000081500000| Untracked 
|  21|0x0000000081500000, 0x0000000081600000, 0x0000000081600000|100%| O|  |TAMS 0x0000000081600000| PB 0x0000000081600000| Untracked 
|  22|0x0000000081600000, 0x0000000081700000, 0x0000000081700000|100%| O|  |TAMS 0x0000000081700000| PB 0x0000000081700000| Untracked 
|  23|0x0000000081700000, 0x0000000081800000, 0x0000000081800000|100%| O|  |TAMS 0x0000000081800000| PB 0x0000000081800000| Updating 
|  24|0x0000000081800000, 0x0000000081900000, 0x0000000081900000|100%| O|  |TAMS 0x0000000081900000| PB 0x0000000081900000| Untracked 
|  25|0x0000000081900000, 0x0000000081a00000, 0x0000000081a00000|100%| O|  |TAMS 0x0000000081a00000| PB 0x0000000081a00000| Updating 
|  26|0x0000000081a00000, 0x0000000081b00000, 0x0000000081b00000|100%| O|  |TAMS 0x0000000081b00000| PB 0x0000000081b00000| Untracked 
|  27|0x0000000081b00000, 0x0000000081c00000, 0x0000000081c00000|100%| O|  |TAMS 0x0000000081c00000| PB 0x0000000081c00000| Untracked 
|  28|0x0000000081c00000, 0x0000000081d00000, 0x0000000081d00000|100%| O|  |TAMS 0x0000000081c00000| PB 0x0000000081c00000| Untracked 
|  29|0x0000000081d00000, 0x0000000081e00000, 0x0000000081e00000|100%| O|  |TAMS 0x0000000081e00000| PB 0x0000000081e00000| Updating 
|  30|0x0000000081e00000, 0x0000000081f00000, 0x0000000081f00000|100%| O|  |TAMS 0x0000000081f00000| PB 0x0000000081f00000| Updating 
|  31|0x0000000081f00000, 0x0000000082000000, 0x0000000082000000|100%| O|  |TAMS 0x0000000081f00000| PB 0x0000000081f00000| Untracked 
|  32|0x0000000082000000, 0x0000000082100000, 0x0000000082100000|100%| O|  |TAMS 0x0000000082100000| PB 0x0000000082100000| Updating 
|  33|0x0000000082100000, 0x0000000082200000, 0x0000000082200000|100%| O|  |TAMS 0x0000000082200000| PB 0x0000000082200000| Updating 
|  34|0x0000000082200000, 0x0000000082300000, 0x0000000082300000|100%| O|  |TAMS 0x0000000082300000| PB 0x0000000082300000| Updating 
|  35|0x0000000082300000, 0x0000000082400000, 0x0000000082400000|100%| O|  |TAMS 0x0000000082400000| PB 0x0000000082400000| Updating 
|  36|0x0000000082400000, 0x0000000082500000, 0x0000000082500000|100%| O|  |TAMS 0x0000000082500000| PB 0x0000000082500000| Updating 
|  37|0x0000000082500000, 0x0000000082600000, 0x0000000082600000|100%| O|  |TAMS 0x0000000082600000| PB 0x0000000082600000| Updating 
|  38|0x0000000082600000, 0x0000000082700000, 0x0000000082700000|100%| O|  |TAMS 0x0000000082700000| PB 0x0000000082700000| Untracked 
|  39|0x0000000082700000, 0x0000000082800000, 0x0000000082800000|100%| O|  |TAMS 0x0000000082800000| PB 0x0000000082800000| Untracked 
|  40|0x0000000082800000, 0x0000000082900000, 0x0000000082900000|100%| O|  |TAMS 0x0000000082900000| PB 0x0000000082900000| Untracked 
|  41|0x0000000082900000, 0x000000008296db90, 0x0000000082a00000| 42%| O|  |TAMS 0x0000000082900000| PB 0x0000000082900000| Updating 
|  42|0x0000000082a00000, 0x0000000082a00000, 0x0000000082b00000|  0%| F|  |TAMS 0x0000000082a00000| PB 0x0000000082a00000| Untracked 
|  43|0x0000000082b00000, 0x0000000082c00000, 0x0000000082c00000|100%| O|  |TAMS 0x0000000082c00000| PB 0x0000000082c00000| Untracked 
|  44|0x0000000082c00000, 0x0000000082d00000, 0x0000000082d00000|100%| O|  |TAMS 0x0000000082d00000| PB 0x0000000082d00000| Untracked 
|  45|0x0000000082d00000, 0x0000000082e00000, 0x0000000082e00000|100%| O|  |TAMS 0x0000000082dcfe90| PB 0x0000000082dcfe90| Updating 
|  46|0x0000000082e00000, 0x0000000082e00000, 0x0000000082f00000|  0%| F|  |TAMS 0x0000000082e00000| PB 0x0000000082e00000| Untracked 
|  47|0x0000000082f00000, 0x0000000082f24520, 0x0000000083000000| 14%| S|CS|TAMS 0x0000000082f00000| PB 0x0000000082f00000| Complete 
|  48|0x0000000083000000, 0x0000000083100000, 0x0000000083100000|100%| S|CS|TAMS 0x0000000083000000| PB 0x0000000083000000| Complete 
|  49|0x0000000083100000, 0x0000000083100000, 0x0000000083200000|  0%| F|  |TAMS 0x0000000083100000| PB 0x0000000083100000| Untracked 
|  50|0x0000000083200000, 0x0000000083200000, 0x0000000083300000|  0%| F|  |TAMS 0x0000000083200000| PB 0x0000000083200000| Untracked 
|  51|0x0000000083300000, 0x0000000083400000, 0x0000000083400000|100%| S|CS|TAMS 0x0000000083300000| PB 0x0000000083300000| Complete 
|  52|0x0000000083400000, 0x0000000083400000, 0x0000000083500000|  0%| F|  |TAMS 0x0000000083400000| PB 0x0000000083400000| Untracked 
|  53|0x0000000083500000, 0x0000000083500000, 0x0000000083600000|  0%| F|  |TAMS 0x0000000083500000| PB 0x0000000083500000| Untracked 
|  54|0x0000000083600000, 0x0000000083600000, 0x0000000083700000|  0%| F|  |TAMS 0x0000000083600000| PB 0x0000000083600000| Untracked 
|  55|0x0000000083700000, 0x0000000083700000, 0x0000000083800000|  0%| F|  |TAMS 0x0000000083700000| PB 0x0000000083700000| Untracked 
|  56|0x0000000083800000, 0x0000000083800000, 0x0000000083900000|  0%| F|  |TAMS 0x0000000083800000| PB 0x0000000083800000| Untracked 
|  57|0x0000000083900000, 0x0000000083900000, 0x0000000083a00000|  0%| F|  |TAMS 0x0000000083900000| PB 0x0000000083900000| Untracked 
|  58|0x0000000083a00000, 0x0000000083a00000, 0x0000000083b00000|  0%| F|  |TAMS 0x0000000083a00000| PB 0x0000000083a00000| Untracked 
|  59|0x0000000083b00000, 0x0000000083b00000, 0x0000000083c00000|  0%| F|  |TAMS 0x0000000083b00000| PB 0x0000000083b00000| Untracked 
|  60|0x0000000083c00000, 0x0000000083c00000, 0x0000000083d00000|  0%| F|  |TAMS 0x0000000083c00000| PB 0x0000000083c00000| Untracked 
|  61|0x0000000083d00000, 0x0000000083d00000, 0x0000000083e00000|  0%| F|  |TAMS 0x0000000083d00000| PB 0x0000000083d00000| Untracked 
|  62|0x0000000083e00000, 0x0000000083e00000, 0x0000000083f00000|  0%| F|  |TAMS 0x0000000083e00000| PB 0x0000000083e00000| Untracked 
|  63|0x0000000083f00000, 0x0000000083f00000, 0x0000000084000000|  0%| F|  |TAMS 0x0000000083f00000| PB 0x0000000083f00000| Untracked 
|  64|0x0000000084000000, 0x0000000084000000, 0x0000000084100000|  0%| F|  |TAMS 0x0000000084000000| PB 0x0000000084000000| Untracked 
|  65|0x0000000084100000, 0x0000000084100000, 0x0000000084200000|  0%| F|  |TAMS 0x0000000084100000| PB 0x0000000084100000| Untracked 
| 101|0x0000000086500000, 0x0000000086500000, 0x0000000086600000|  0%| F|  |TAMS 0x0000000086500000| PB 0x0000000086500000| Untracked 
| 102|0x0000000086600000, 0x0000000086600000, 0x0000000086700000|  0%| F|  |TAMS 0x0000000086600000| PB 0x0000000086600000| Untracked 
| 103|0x0000000086700000, 0x0000000086792118, 0x0000000086800000| 57%| E|  |TAMS 0x0000000086700000| PB 0x0000000086700000| Complete 
| 123|0x0000000087b00000, 0x0000000087c00000, 0x0000000087c00000|100%| E|CS|TAMS 0x0000000087b00000| PB 0x0000000087b00000| Complete 

Card table byte_map: [0x0000025dfa070000,0x0000025dfa470000] _byte_map_base: 0x0000025df9c70000

Marking Bits: (CMBitMap*) 0x0000025de5d65a30
 Bits: [0x0000025dfa470000, 0x0000025dfc470000)

Polling page: 0x0000025de5dd0000

Metaspace:

Usage:
  Non-class:     56.25 MB used.
      Class:      8.85 MB used.
       Both:     65.10 MB used.

Virtual space:
  Non-class space:       64.00 MB reserved,      57.06 MB ( 89%) committed,  1 nodes.
      Class space:        1.00 GB reserved,       9.62 MB ( <1%) committed,  1 nodes.
             Both:        1.06 GB reserved,      66.69 MB (  6%) committed. 

Chunk freelists:
   Non-Class:  6.60 MB
       Class:  6.22 MB
        Both:  12.82 MB

MaxMetaspaceSize: unlimited
CompressedClassSpaceSize: 1.00 GB
Initial GC threshold: 21.00 MB
Current GC threshold: 106.19 MB
CDS: off
 - commit_granule_bytes: 65536.
 - commit_granule_words: 8192.
 - virtual_space_node_default_size: 8388608.
 - enlarge_chunks_in_place: 1.
 - use_allocation_guard: 0.


Internal statistics:

num_allocs_failed_limit: 6.
num_arena_births: 3068.
num_arena_deaths: 0.
num_vsnodes_births: 2.
num_vsnodes_deaths: 0.
num_space_committed: 1067.
num_space_uncommitted: 0.
num_chunks_returned_to_freelist: 6.
num_chunks_taken_from_freelist: 5800.
num_chunk_merges: 6.
num_chunk_splits: 3738.
num_chunks_enlarged: 2305.
num_inconsistent_stats: 0.

CodeHeap 'non-profiled nmethods': size=120000Kb used=3456Kb max_used=3623Kb free=116543Kb
 bounds [0x0000025df2120000, 0x0000025df24b0000, 0x0000025df9650000]
CodeHeap 'profiled nmethods': size=120000Kb used=12100Kb max_used=12429Kb free=107899Kb
 bounds [0x0000025dea650000, 0x0000025deb280000, 0x0000025df1b80000]
CodeHeap 'non-nmethods': size=5760Kb used=2199Kb max_used=2234Kb free=3560Kb
 bounds [0x0000025df1b80000, 0x0000025df1df0000, 0x0000025df2120000]
 total_blobs=7457 nmethods=6696 adapters=665
 compilation: enabled
              stopped_count=0, restarted_count=0
 full_count=0

Compilation events (20 events):
Event: 14.960 Thread 0x0000025dfec7f360 7660       4       com.google.common.base.Preconditions::checkNotNull (18 bytes)
Event: 14.960 Thread 0x0000025dfec80920 7661       3       com.google.common.collect.MapMakerInternalMap$WeakKeyDummyValueEntry$Helper::copy (26 bytes)
Event: 14.960 Thread 0x0000025dfec7f360 nmethod 7660 0x0000025df24a7c90 code [0x0000025df24a7e20, 0x0000025df24a7ea8]
Event: 14.961 Thread 0x0000025dfec80920 nmethod 7661 0x0000025deb271090 code [0x0000025deb271260, 0x0000025deb271528]
Event: 14.962 Thread 0x0000025dfec80920 7662       3       org.gradle.internal.component.external.model.ModuleComponentFileArtifactIdentifier::getComponentIdentifier (5 bytes)
Event: 14.962 Thread 0x0000025dfec80920 nmethod 7662 0x0000025deb271690 code [0x0000025deb271840, 0x0000025deb271ad0]
Event: 14.970 Thread 0x0000025dfec7f360 7663       4       java.util.Optional::orElseGet (21 bytes)
Event: 14.971 Thread 0x0000025dfec7f360 nmethod 7663 0x0000025df24a7f90 code [0x0000025df24a8120, 0x0000025df24a81e0]
Event: 14.972 Thread 0x0000025d87b97bd0 7664       4       java.lang.ref.Cleaner::register (25 bytes)
Event: 14.976 Thread 0x0000025dfec80920 7665       3       java.util.AbstractCollection::containsAll (38 bytes)
Event: 14.976 Thread 0x0000025dfec80920 nmethod 7665 0x0000025deb271b90 code [0x0000025deb271d80, 0x0000025deb272298]
Event: 14.983 Thread 0x0000025dfec7f360 7666       4       java.nio.ByteBuffer::arrayOffset (35 bytes)
Event: 14.983 Thread 0x0000025dfec7f360 nmethod 7666 0x0000025df24a8290 code [0x0000025df24a8420, 0x0000025df24a84e8]
Event: 14.984 Thread 0x0000025dfec7f360 7667       4       com.google.common.collect.ImmutableList::iterator (5 bytes)
Event: 14.984 Thread 0x0000025d87b97bd0 nmethod 7664 0x0000025df24a8590 code [0x0000025df24a8780, 0x0000025df24a93f0]
Event: 14.985 Thread 0x0000025dfec80920 7668       3       org.gradle.cache.internal.btree.BlockPayload::getPos (8 bytes)
Event: 14.985 Thread 0x0000025dfec80920 nmethod 7668 0x0000025deb272410 code [0x0000025deb272600, 0x0000025deb272b70]
Event: 14.988 Thread 0x0000025dfec7f360 nmethod 7667 0x0000025df24a9810 code [0x0000025df24a99c0, 0x0000025df24a9d00]
Event: 14.989 Thread 0x0000025dfec80920 7669       3       java.util.concurrent.locks.AbstractQueuedSynchronizer::acquireInterruptibly (36 bytes)
Event: 14.989 Thread 0x0000025dfec80920 nmethod 7669 0x0000025deb272d90 code [0x0000025deb272fa0, 0x0000025deb273520]

GC Heap History (20 events):
Event: 8.710 GC heap before
{Heap before GC invocations=10 (full 0):
 garbage-first heap   total 71680K, used 61173K [0x0000000080000000, 0x0000000100000000)
  region size 1024K, 37 young (37888K), 3 survivors (3072K)
 Metaspace       used 45711K, committed 46912K, reserved 1114112K
  class space    used 6066K, committed 6656K, reserved 1048576K
}
Event: 8.719 GC heap after
{Heap after GC invocations=11 (full 0):
 garbage-first heap   total 71680K, used 31192K [0x0000000080000000, 0x0000000100000000)
  region size 1024K, 5 young (5120K), 5 survivors (5120K)
 Metaspace       used 45711K, committed 46912K, reserved 1114112K
  class space    used 6066K, committed 6656K, reserved 1048576K
}
Event: 9.525 GC heap before
{Heap before GC invocations=11 (full 0):
 garbage-first heap   total 71680K, used 60888K [0x0000000080000000, 0x0000000100000000)
  region size 1024K, 34 young (34816K), 5 survivors (5120K)
 Metaspace       used 46743K, committed 48000K, reserved 1114112K
  class space    used 6229K, committed 6848K, reserved 1048576K
}
Event: 9.532 GC heap after
{Heap after GC invocations=12 (full 0):
 garbage-first heap   total 71680K, used 33403K [0x0000000080000000, 0x0000000100000000)
  region size 1024K, 2 young (2048K), 2 survivors (2048K)
 Metaspace       used 46743K, committed 48000K, reserved 1114112K
  class space    used 6229K, committed 6848K, reserved 1048576K
}
Event: 10.171 GC heap before
{Heap before GC invocations=12 (full 0):
 garbage-first heap   total 71680K, used 61051K [0x0000000080000000, 0x0000000100000000)
  region size 1024K, 30 young (30720K), 2 survivors (2048K)
 Metaspace       used 49431K, committed 50752K, reserved 1114112K
  class space    used 6656K, committed 7296K, reserved 1048576K
}
Event: 10.176 GC heap after
{Heap after GC invocations=13 (full 0):
 garbage-first heap   total 71680K, used 35233K [0x0000000080000000, 0x0000000100000000)
  region size 1024K, 4 young (4096K), 4 survivors (4096K)
 Metaspace       used 49431K, committed 50752K, reserved 1114112K
  class space    used 6656K, committed 7296K, reserved 1048576K
}
Event: 10.701 GC heap before
{Heap before GC invocations=13 (full 0):
 garbage-first heap   total 71680K, used 56737K [0x0000000080000000, 0x0000000100000000)
  region size 1024K, 27 young (27648K), 4 survivors (4096K)
 Metaspace       used 52395K, committed 53760K, reserved 1114112K
  class space    used 7138K, committed 7808K, reserved 1048576K
}
Event: 10.706 GC heap after
{Heap after GC invocations=14 (full 0):
 garbage-first heap   total 71680K, used 36975K [0x0000000080000000, 0x0000000100000000)
  region size 1024K, 4 young (4096K), 4 survivors (4096K)
 Metaspace       used 52395K, committed 53760K, reserved 1114112K
  class space    used 7138K, committed 7808K, reserved 1048576K
}
Event: 11.155 GC heap before
{Heap before GC invocations=15 (full 0):
 garbage-first heap   total 71680K, used 64623K [0x0000000080000000, 0x0000000100000000)
  region size 1024K, 29 young (29696K), 4 survivors (4096K)
 Metaspace       used 56644K, committed 58048K, reserved 1114112K
  class space    used 7618K, committed 8320K, reserved 1048576K
}
Event: 11.159 GC heap after
{Heap after GC invocations=16 (full 0):
 garbage-first heap   total 71680K, used 37366K [0x0000000080000000, 0x0000000100000000)
  region size 1024K, 2 young (2048K), 2 survivors (2048K)
 Metaspace       used 56644K, committed 58048K, reserved 1114112K
  class space    used 7618K, committed 8320K, reserved 1048576K
}
Event: 11.905 GC heap before
{Heap before GC invocations=16 (full 0):
 garbage-first heap   total 71680K, used 65014K [0x0000000080000000, 0x0000000100000000)
  region size 1024K, 29 young (29696K), 2 survivors (2048K)
 Metaspace       used 60618K, committed 62208K, reserved 1114112K
  class space    used 8211K, committed 9024K, reserved 1048576K
}
Event: 11.911 GC heap after
{Heap after GC invocations=17 (full 0):
 garbage-first heap   total 71680K, used 39105K [0x0000000080000000, 0x0000000100000000)
  region size 1024K, 4 young (4096K), 4 survivors (4096K)
 Metaspace       used 60618K, committed 62208K, reserved 1114112K
  class space    used 8211K, committed 9024K, reserved 1048576K
}
Event: 12.969 GC heap before
{Heap before GC invocations=17 (full 0):
 garbage-first heap   total 71680K, used 61633K [0x0000000080000000, 0x0000000100000000)
  region size 1024K, 27 young (27648K), 4 survivors (4096K)
 Metaspace       used 63445K, committed 65088K, reserved 1114112K
  class space    used 8683K, committed 9472K, reserved 1048576K
}
Event: 12.974 GC heap after
{Heap after GC invocations=18 (full 0):
 garbage-first heap   total 71680K, used 40346K [0x0000000080000000, 0x0000000100000000)
  region size 1024K, 4 young (4096K), 4 survivors (4096K)
 Metaspace       used 63445K, committed 65088K, reserved 1114112K
  class space    used 8683K, committed 9472K, reserved 1048576K
}
Event: 13.822 GC heap before
{Heap before GC invocations=19 (full 0):
 garbage-first heap   total 71680K, used 61850K [0x0000000080000000, 0x0000000100000000)
  region size 1024K, 25 young (25600K), 4 survivors (4096K)
 Metaspace       used 65435K, committed 67072K, reserved 1114112K
  class space    used 8936K, committed 9728K, reserved 1048576K
}
Event: 13.829 GC heap after
{Heap after GC invocations=20 (full 0):
 garbage-first heap   total 71680K, used 43170K [0x0000000080000000, 0x0000000100000000)
  region size 1024K, 4 young (4096K), 4 survivors (4096K)
 Metaspace       used 65435K, committed 67072K, reserved 1114112K
  class space    used 8936K, committed 9728K, reserved 1048576K
}
Event: 14.442 GC heap before
{Heap before GC invocations=20 (full 0):
 garbage-first heap   total 71680K, used 61602K [0x0000000080000000, 0x0000000100000000)
  region size 1024K, 23 young (23552K), 4 survivors (4096K)
 Metaspace       used 66248K, committed 67840K, reserved 1114112K
  class space    used 9030K, committed 9792K, reserved 1048576K
}
Event: 14.452 GC heap after
{Heap after GC invocations=21 (full 0):
 garbage-first heap   total 71680K, used 45627K [0x0000000080000000, 0x0000000100000000)
  region size 1024K, 3 young (3072K), 3 survivors (3072K)
 Metaspace       used 66248K, committed 67840K, reserved 1114112K
  class space    used 9030K, committed 9792K, reserved 1048576K
}
Event: 14.892 GC heap before
{Heap before GC invocations=21 (full 0):
 garbage-first heap   total 71680K, used 63035K [0x0000000080000000, 0x0000000100000000)
  region size 1024K, 21 young (21504K), 3 survivors (3072K)
 Metaspace       used 66605K, committed 68224K, reserved 1114112K
  class space    used 9048K, committed 9856K, reserved 1048576K
}
Event: 14.899 GC heap after
{Heap after GC invocations=22 (full 0):
 garbage-first heap   total 71680K, used 47688K [0x0000000080000000, 0x0000000100000000)
  region size 1024K, 3 young (3072K), 3 survivors (3072K)
 Metaspace       used 66605K, committed 68224K, reserved 1114112K
  class space    used 9048K, committed 9856K, reserved 1048576K
}

Dll operation events (3 events):
Event: 0.046 Loaded shared library C:\Program Files\Android\Android Studio\jbr\bin\java.dll
Event: 0.073 Loaded shared library C:\Program Files\Android\Android Studio\jbr\bin\zip.dll
Event: 1.603 Loaded shared library C:\Program Files\Android\Android Studio\jbr\bin\verify.dll

Deoptimization events (20 events):
Event: 14.296 Thread 0x0000025d86ad5fd0 DEOPT UNPACKING pc=0x0000025df1bd88e2 sp=0x0000009f717fc930 mode 0
Event: 14.296 Thread 0x0000025d86acfd60 DEOPT UNPACKING pc=0x0000025df1bd7da2 sp=0x0000009f719fcbc8 mode 2
Event: 14.306 Thread 0x0000025d8534c770 DEOPT PACKING pc=0x0000025deade8edb sp=0x0000009f708fe650
Event: 14.307 Thread 0x0000025d8534c770 DEOPT UNPACKING pc=0x0000025df1bd88e2 sp=0x0000009f708fdad8 mode 0
Event: 14.588 Thread 0x0000025d86ad6660 Uncommon trap: trap_request=0xffffff45 fr.pc=0x0000025df233009c relative=0x0000000000000ffc
Event: 14.588 Thread 0x0000025d86ad6660 Uncommon trap: reason=unstable_if action=reinterpret pc=0x0000025df233009c method=java.util.concurrent.ConcurrentHashMap.addCount(JI)V @ 34 c2
Event: 14.588 Thread 0x0000025d86ad6660 DEOPT PACKING pc=0x0000025df233009c sp=0x0000009f718fdf80
Event: 14.588 Thread 0x0000025d86ad6660 DEOPT UNPACKING pc=0x0000025df1bd7da2 sp=0x0000009f718fde48 mode 2
Event: 14.606 Thread 0x0000025d85234270 Uncommon trap: trap_request=0xffffff45 fr.pc=0x0000025df2330080 relative=0x0000000000000fe0
Event: 14.607 Thread 0x0000025d85234270 Uncommon trap: reason=unstable_if action=reinterpret pc=0x0000025df2330080 method=java.util.concurrent.ConcurrentHashMap.addCount(JI)V @ 7 c2
Event: 14.607 Thread 0x0000025d85234270 DEOPT PACKING pc=0x0000025df2330080 sp=0x0000009f704f5380
Event: 14.607 Thread 0x0000025d85234270 DEOPT UNPACKING pc=0x0000025df1bd7da2 sp=0x0000009f704f5248 mode 2
Event: 14.627 Thread 0x0000025d86ad5fd0 Uncommon trap: trap_request=0xffffff45 fr.pc=0x0000025df2330080 relative=0x0000000000000fe0
Event: 14.627 Thread 0x0000025d86ad5fd0 Uncommon trap: reason=unstable_if action=reinterpret pc=0x0000025df2330080 method=java.util.concurrent.ConcurrentHashMap.addCount(JI)V @ 7 c2
Event: 14.627 Thread 0x0000025d86ad5fd0 DEOPT PACKING pc=0x0000025df2330080 sp=0x0000009f717fdec0
Event: 14.627 Thread 0x0000025d86ad5fd0 DEOPT UNPACKING pc=0x0000025df1bd7da2 sp=0x0000009f717fdd88 mode 2
Event: 14.662 Thread 0x0000025d86ad5fd0 Uncommon trap: trap_request=0xffffff45 fr.pc=0x0000025df2484740 relative=0x00000000000003e0
Event: 14.662 Thread 0x0000025d86ad5fd0 Uncommon trap: reason=unstable_if action=reinterpret pc=0x0000025df2484740 method=java.util.concurrent.ConcurrentHashMap.addCount(JI)V @ 97 c2
Event: 14.662 Thread 0x0000025d86ad5fd0 DEOPT PACKING pc=0x0000025df2484740 sp=0x0000009f717fe020
Event: 14.662 Thread 0x0000025d86ad5fd0 DEOPT UNPACKING pc=0x0000025df1bd7da2 sp=0x0000009f717fded8 mode 2

Classes loaded (20 events):
Event: 13.055 Loading class jdk/internal/event/DeserializationEvent
Event: 13.056 Loading class jdk/internal/event/DeserializationEvent done
Event: 13.056 Loading class java/io/ObjectInputStream$FieldValues
Event: 13.056 Loading class java/io/ObjectInputStream$GetField
Event: 13.056 Loading class java/io/ObjectInputStream$GetField done
Event: 13.057 Loading class java/io/ObjectInputStream$FieldValues done
Event: 13.065 Loading class sun/reflect/ReflectionFactory
Event: 13.065 Loading class sun/reflect/ReflectionFactory done
Event: 13.065 Loading class sun/reflect/ReflectionFactory$1
Event: 13.065 Loading class sun/reflect/ReflectionFactory$1 done
Event: 13.832 Loading class java/util/Collections$ReverseComparator
Event: 13.833 Loading class java/util/Collections$ReverseComparator done
Event: 13.833 Loading class java/util/Collections$ReverseComparator2
Event: 13.833 Loading class java/util/Collections$ReverseComparator2 done
Event: 13.906 Loading class java/util/LinkedList$LLSpliterator
Event: 13.906 Loading class java/util/LinkedList$LLSpliterator done
Event: 13.976 Loading class java/util/concurrent/LinkedBlockingDeque$Itr
Event: 13.976 Loading class java/util/concurrent/LinkedBlockingDeque$AbstractItr
Event: 13.977 Loading class java/util/concurrent/LinkedBlockingDeque$AbstractItr done
Event: 13.977 Loading class java/util/concurrent/LinkedBlockingDeque$Itr done

Classes unloaded (0 events):
No events

Classes redefined (0 events):
No events

Internal exceptions (20 events):
Event: 12.538 Thread 0x0000025d85234270 Implicit null exception at 0x0000025df243c3c3 to 0x0000025df243c6fc
Event: 12.662 Thread 0x0000025d85234270 Exception <a 'java/lang/NoSuchMethodError'{0x0000000083790fc8}: 'java.lang.Object java.lang.invoke.DirectMethodHandle$Holder.invokeInterface(java.lang.Object, java.lang.Object, int)'> (0x0000000083790fc8) 
thrown [s\src\hotspot\share\interpreter\linkResolver.cpp, line 784]
Event: 12.806 Thread 0x0000025d85234270 Exception <a 'java/lang/NoSuchMethodError'{0x0000000083211230}: 'java.lang.Object java.lang.invoke.DirectMethodHandle$Holder.invokeVirtual(java.lang.Object, java.lang.Object, java.lang.Object, java.lang.Object, java.lang.Object, java.lang.Object, java.lang.Object, java.lang.Object, java.lang.Object, java.lang.Object, java.lang.Object, java.lang.Object, java.lang.Object, java.lang.Object, java.lang.Object, java.lang.Object, java.lang.Object)'> (0x0000000083211230) 
thrown [s\src\hotspot\share\interpreter\li
Event: 12.808 Thread 0x0000025d85234270 Exception <a 'java/lang/NoSuchMethodError'{0x0000000083217238}: 'java.lang.Object java.lang.invoke.DirectMethodHandle$Holder.invokeSpecial(java.lang.Object, java.lang.Object, java.lang.Object, java.lang.Object, java.lang.Object, java.lang.Object, java.lang.Object, java.lang.Object, java.lang.Object, java.lang.Object, java.lang.Object, java.lang.Object, java.lang.Object, java.lang.Object, java.lang.Object, java.lang.Object, java.lang.Object, java.lang.Object)'> (0x0000000083217238) 
thrown [s\src\hotspot\sh
Event: 12.808 Thread 0x0000025d85234270 Exception <a 'java/lang/NoSuchMethodError'{0x000000008321c790}: 'java.lang.Object java.lang.invoke.DelegatingMethodHandle$Holder.reinvoke_L(java.lang.Object, java.lang.Object, java.lang.Object, java.lang.Object, java.lang.Object, java.lang.Object, java.lang.Object, java.lang.Object, java.lang.Object, java.lang.Object, java.lang.Object, java.lang.Object, java.lang.Object, java.lang.Object, java.lang.Object, java.lang.Object, java.lang.Object)'> (0x000000008321c790) 
thrown [s\src\hotspot\share\interpreter\l
Event: 12.992 Thread 0x0000025d85234270 Exception <a 'java/lang/NoSuchMethodError'{0x0000000087b6e738}: static Lorg/gradle/api/internal/catalog/DefaultVersionCatalog;.<clinit>()V> (0x0000000087b6e738) 
thrown [s\src\hotspot\share\prims\jni.cpp, line 1135]
Event: 13.012 Thread 0x0000025d85234270 Exception <a 'java/lang/NoSuchMethodError'{0x0000000087bc10e0}: static [Ljava/lang/Object;.<clinit>()V> (0x0000000087bc10e0) 
thrown [s\src\hotspot\share\prims\jni.cpp, line 1135]
Event: 13.021 Thread 0x0000025d85234270 Exception <a 'java/lang/NoSuchMethodError'{0x0000000087be8538}: static Lorg/gradle/api/internal/catalog/DependencyModel;.<clinit>()V> (0x0000000087be8538) 
thrown [s\src\hotspot\share\prims\jni.cpp, line 1135]
Event: 13.022 Thread 0x0000025d85234270 Exception <a 'java/lang/NoSuchMethodError'{0x0000000087bec328}: static Lorg/gradle/api/internal/catalog/AbstractContextAwareModel;.<clinit>()V> (0x0000000087bec328) 
thrown [s\src\hotspot\share\prims\jni.cpp, line 1135]
Event: 13.025 Thread 0x0000025d85234270 Exception <a 'java/lang/NoSuchMethodError'{0x00000000867060a0}: static Lorg/gradle/api/internal/artifacts/dependencies/AbstractVersionConstraint;.<clinit>()V> (0x00000000867060a0) 
thrown [s\src\hotspot\share\prims\jni.cpp, line 1135]
Event: 13.036 Thread 0x0000025d85234270 Exception <a 'java/lang/NoSuchMethodError'{0x0000000086765920}: static Lorg/gradle/api/internal/catalog/PluginModel;.<clinit>()V> (0x0000000086765920) 
thrown [s\src\hotspot\share\prims\jni.cpp, line 1135]
Event: 13.038 Thread 0x0000025d85234270 Exception <a 'java/lang/NoSuchMethodError'{0x000000008677daa8}: static Lorg/gradle/api/internal/catalog/VersionModel;.<clinit>()V> (0x000000008677daa8) 
thrown [s\src\hotspot\share\prims\jni.cpp, line 1135]
Event: 13.046 Thread 0x0000025d85234270 Exception <a 'java/lang/NoSuchMethodError'{0x000000008679ef40}: 'void java.lang.invoke.DirectMethodHandle$Holder.invokeSpecial(java.lang.Object, java.lang.Object, java.lang.Object, int)'> (0x000000008679ef40) 
thrown [s\src\hotspot\share\interpreter\linkResolver.cpp, line 784]
Event: 13.181 Thread 0x0000025d85234270 Exception <a 'java/lang/NoSuchMethodError'{0x00000000840c0518}: 'int java.lang.invoke.DirectMethodHandle$Holder.invokeSpecialIFC(java.lang.Object, java.lang.Object, java.lang.Object)'> (0x00000000840c0518) 
thrown [s\src\hotspot\share\interpreter\linkResolver.cpp, line 784]
Event: 13.279 Thread 0x0000025d85234270 Exception <a 'java/lang/NoSuchMethodError'{0x0000000083c59bf0}: 'java.lang.Object java.lang.invoke.DirectMethodHandle$Holder.invokeSpecial(java.lang.Object, java.lang.Object, java.lang.Object, java.lang.Object, java.lang.Object, long)'> (0x0000000083c59bf0) 
thrown [s\src\hotspot\share\interpreter\linkResolver.cpp, line 784]
Event: 13.281 Thread 0x0000025d85234270 Exception <a 'java/lang/NoSuchMethodError'{0x0000000083c7c6c8}: 'void java.lang.invoke.DirectMethodHandle$Holder.invokeStatic(java.lang.Object, java.lang.Object, java.lang.Object, int, java.lang.Object)'> (0x0000000083c7c6c8) 
thrown [s\src\hotspot\share\interpreter\linkResolver.cpp, line 784]
Event: 13.907 Thread 0x0000025d85234270 Exception <a 'java/lang/IncompatibleClassChangeError'{0x00000000867b5640}: Found class java.lang.Object, but interface was expected> (0x00000000867b5640) 
thrown [s\src\hotspot\share\interpreter\linkResolver.cpp, line 851]
Event: 14.205 Thread 0x0000025d85234270 Exception <a 'java/lang/NoSuchMethodError'{0x0000000083dd3a28}: 'java.lang.Object java.lang.invoke.DirectMethodHandle$Holder.newInvokeSpecial(java.lang.Object, java.lang.Object, java.lang.Object, java.lang.Object, int, java.lang.Object)'> (0x0000000083dd3a28) 
thrown [s\src\hotspot\share\interpreter\linkResolver.cpp, line 784]
Event: 14.206 Thread 0x0000025d85234270 Exception <a 'java/lang/NoSuchMethodError'{0x0000000083ddc2d8}: 'java.lang.Object java.lang.invoke.Invokers$Holder.linkToTargetMethod(java.lang.Object, java.lang.Object, java.lang.Object, int, java.lang.Object, java.lang.Object)'> (0x0000000083ddc2d8) 
thrown [s\src\hotspot\share\interpreter\linkResolver.cpp, line 784]
Event: 14.923 Thread 0x0000025d85234270 Exception <a 'java/lang/NoSuchMethodError'{0x0000000087b52360}: 'java.lang.Object java.lang.invoke.DirectMethodHandle$Holder.invokeSpecialIFC(java.lang.Object, java.lang.Object, java.lang.Object)'> (0x0000000087b52360) 
thrown [s\src\hotspot\share\interpreter\linkResolver.cpp, line 784]

ZGC Phase Switch (0 events):
No events

VM Operations (20 events):
Event: 13.068 Executing VM operation: G1PauseCleanup done
Event: 13.492 Executing VM operation: ICBufferFull
Event: 13.492 Executing VM operation: ICBufferFull done
Event: 13.768 Executing VM operation: HandshakeAllThreads (Deoptimize)
Event: 13.768 Executing VM operation: HandshakeAllThreads (Deoptimize) done
Event: 13.822 Executing VM operation: G1CollectForAllocation (G1 Evacuation Pause)
Event: 13.829 Executing VM operation: G1CollectForAllocation (G1 Evacuation Pause) done
Event: 13.990 Executing VM operation: HandshakeAllThreads (Deoptimize)
Event: 13.990 Executing VM operation: HandshakeAllThreads (Deoptimize) done
Event: 14.168 Executing VM operation: ICBufferFull
Event: 14.168 Executing VM operation: ICBufferFull done
Event: 14.442 Executing VM operation: G1CollectForAllocation (G1 Evacuation Pause)
Event: 14.452 Executing VM operation: G1CollectForAllocation (G1 Evacuation Pause) done
Event: 14.824 Executing VM operation: HandshakeAllThreads (Deoptimize)
Event: 14.824 Executing VM operation: HandshakeAllThreads (Deoptimize) done
Event: 14.846 Executing VM operation: ICBufferFull
Event: 14.846 Executing VM operation: ICBufferFull done
Event: 14.892 Executing VM operation: G1CollectForAllocation (G1 Evacuation Pause)
Event: 14.899 Executing VM operation: G1CollectForAllocation (G1 Evacuation Pause) done
Event: 14.990 Executing VM operation: G1PauseRemark

Memory protections (0 events):
No events

Nmethod flushes (20 events):
Event: 14.995 Thread 0x0000025dfeac5c70 flushing  nmethod 0x0000025deaac8710
Event: 14.995 Thread 0x0000025dfeac5c70 flushing  nmethod 0x0000025deaba3990
Event: 14.995 Thread 0x0000025dfeac5c70 flushing  nmethod 0x0000025deac1b810
Event: 14.995 Thread 0x0000025dfeac5c70 flushing  nmethod 0x0000025deac1c790
Event: 14.995 Thread 0x0000025dfeac5c70 flushing  nmethod 0x0000025deac1e210
Event: 14.995 Thread 0x0000025dfeac5c70 flushing  nmethod 0x0000025deac24790
Event: 14.995 Thread 0x0000025dfeac5c70 flushing  nmethod 0x0000025deac25f10
Event: 14.995 Thread 0x0000025dfeac5c70 flushing  nmethod 0x0000025deac26310
Event: 14.995 Thread 0x0000025dfeac5c70 flushing  nmethod 0x0000025deac58c10
Event: 14.995 Thread 0x0000025dfeac5c70 flushing  nmethod 0x0000025deac5c810
Event: 14.995 Thread 0x0000025dfeac5c70 flushing  nmethod 0x0000025deac95090
Event: 14.995 Thread 0x0000025dfeac5c70 flushing  nmethod 0x0000025deac96b10
Event: 14.995 Thread 0x0000025dfeac5c70 flushing  nmethod 0x0000025dead55f90
Event: 14.995 Thread 0x0000025dfeac5c70 flushing  nmethod 0x0000025deae24290
Event: 14.995 Thread 0x0000025dfeac5c70 flushing  nmethod 0x0000025deaf23c10
Event: 14.995 Thread 0x0000025dfeac5c70 flushing  nmethod 0x0000025deaf24090
Event: 14.995 Thread 0x0000025dfeac5c70 flushing  nmethod 0x0000025deaf3be90
Event: 14.995 Thread 0x0000025dfeac5c70 flushing  nmethod 0x0000025deaf3d410
Event: 14.995 Thread 0x0000025dfeac5c70 flushing  nmethod 0x0000025deaf3d910
Event: 14.995 Thread 0x0000025dfeac5c70 flushing  nmethod 0x0000025deaf3de10

Events (20 events):
Event: 5.659 Thread 0x0000025d85234270 Thread added: 0x0000025d8534a6a0
Event: 5.995 Thread 0x0000025d85234270 Thread added: 0x0000025d853492f0
Event: 6.010 Thread 0x0000025d85234270 Thread added: 0x0000025d8534ad30
Event: 6.221 Thread 0x0000025d85234270 Thread added: 0x0000025d8534b3c0
Event: 6.231 Thread 0x0000025d85234270 Thread added: 0x0000025d86ad3f00
Event: 6.791 Thread 0x0000025d85234270 Thread added: 0x0000025d86ad4590
Event: 7.105 Thread 0x0000025d85234270 Thread added: 0x0000025d86ad6cf0
Event: 7.500 Thread 0x0000025d85234270 Thread added: 0x0000025d86ad3870
Event: 8.829 Thread 0x0000025dfec80920 Thread added: 0x0000025d85847050
Event: 12.319 Thread 0x0000025d85847050 Thread exited: 0x0000025d85847050
Event: 12.769 Thread 0x0000025dfec80920 Thread added: 0x0000025d87b97bd0
Event: 13.951 Thread 0x0000025d85234270 Thread added: 0x0000025d86ad52b0
Event: 13.952 Thread 0x0000025d85234270 Thread added: 0x0000025d86ad5940
Event: 13.952 Thread 0x0000025d85234270 Thread added: 0x0000025d86ad0a80
Event: 14.254 Thread 0x0000025d85234270 Thread added: 0x0000025d86ad5fd0
Event: 14.257 Thread 0x0000025d85234270 Thread added: 0x0000025d86ad6660
Event: 14.260 Thread 0x0000025d85234270 Thread added: 0x0000025d86acfd60
Event: 14.925 Thread 0x0000025d85234270 Thread added: 0x0000025d86ad03f0
Event: 14.926 Thread 0x0000025d85234270 Thread added: 0x0000025d86ad7380
Event: 14.927 Thread 0x0000025d85234270 Thread added: 0x0000025d879c4430


Dynamic libraries:
0x00007ff7aaa00000 - 0x00007ff7aaa0a000 	C:\Program Files\Android\Android Studio\jbr\bin\java.exe
0x00007ffe4bef0000 - 0x00007ffe4c107000 	C:\WINDOWS\SYSTEM32\ntdll.dll
0x00007ffe49e90000 - 0x00007ffe49f54000 	C:\WINDOWS\System32\KERNEL32.DLL
0x00007ffe492d0000 - 0x00007ffe496a3000 	C:\WINDOWS\System32\KERNELBASE.dll
0x00007ffe49730000 - 0x00007ffe49841000 	C:\WINDOWS\System32\ucrtbase.dll
0x00007ffe0c480000 - 0x00007ffe0c498000 	C:\Program Files\Android\Android Studio\jbr\bin\jli.dll
0x00007ffe4b450000 - 0x00007ffe4b601000 	C:\WINDOWS\System32\USER32.dll
0x00007ffe2d0a0000 - 0x00007ffe2d0bb000 	C:\Program Files\Android\Android Studio\jbr\bin\VCRUNTIME140.dll
0x00007ffe49b60000 - 0x00007ffe49b86000 	C:\WINDOWS\System32\win32u.dll
0x00007ffe4bc20000 - 0x00007ffe4bc49000 	C:\WINDOWS\System32\GDI32.dll
0x00007ffe498d0000 - 0x00007ffe499eb000 	C:\WINDOWS\System32\gdi32full.dll
0x00007ffe49000000 - 0x00007ffe4909a000 	C:\WINDOWS\System32\msvcp_win.dll
0x00007ffe30230000 - 0x00007ffe304c8000 	C:\WINDOWS\WinSxS\amd64_microsoft.windows.common-controls_6595b64144ccf1df_6.0.22621.5124_none_270e8f4f7386d69d\COMCTL32.dll
0x00007ffe4a950000 - 0x00007ffe4a9f7000 	C:\WINDOWS\System32\msvcrt.dll
0x00007ffe49c20000 - 0x00007ffe49c51000 	C:\WINDOWS\System32\IMM32.DLL
0x00007ffe425f0000 - 0x00007ffe425fc000 	C:\Program Files\Android\Android Studio\jbr\bin\vcruntime140_1.dll
0x00007ffd98b50000 - 0x00007ffd98bdd000 	C:\Program Files\Android\Android Studio\jbr\bin\msvcp140.dll
0x00007ffd9c720000 - 0x00007ffd9d3aa000 	C:\Program Files\Android\Android Studio\jbr\bin\server\jvm.dll
0x00007ffe4b610000 - 0x00007ffe4b6c1000 	C:\WINDOWS\System32\ADVAPI32.dll
0x00007ffe4b930000 - 0x00007ffe4b9d8000 	C:\WINDOWS\System32\sechost.dll
0x00007ffe490a0000 - 0x00007ffe490c8000 	C:\WINDOWS\System32\bcrypt.dll
0x00007ffe4bc60000 - 0x00007ffe4bd74000 	C:\WINDOWS\System32\RPCRT4.dll
0x00007ffe4bd80000 - 0x00007ffe4bdf1000 	C:\WINDOWS\System32\WS2_32.dll
0x00007ffe48e20000 - 0x00007ffe48e6d000 	C:\WINDOWS\SYSTEM32\POWRPROF.dll
0x00007ffe42670000 - 0x00007ffe426a4000 	C:\WINDOWS\SYSTEM32\WINMM.dll
0x00007ffe423f0000 - 0x00007ffe423fa000 	C:\WINDOWS\SYSTEM32\VERSION.dll
0x00007ffe48e00000 - 0x00007ffe48e13000 	C:\WINDOWS\SYSTEM32\UMPDC.dll
0x00007ffe48000000 - 0x00007ffe48018000 	C:\WINDOWS\SYSTEM32\kernel.appcore.dll
0x00007ffe2d6f0000 - 0x00007ffe2d6fa000 	C:\Program Files\Android\Android Studio\jbr\bin\jimage.dll
0x00007ffe46960000 - 0x00007ffe46b92000 	C:\WINDOWS\SYSTEM32\DBGHELP.DLL
0x00007ffe4af90000 - 0x00007ffe4b322000 	C:\WINDOWS\System32\combase.dll
0x00007ffe4bb40000 - 0x00007ffe4bc17000 	C:\WINDOWS\System32\OLEAUT32.dll
0x00007ffe31280000 - 0x00007ffe312b2000 	C:\WINDOWS\SYSTEM32\dbgcore.DLL
0x00007ffe49850000 - 0x00007ffe498cb000 	C:\WINDOWS\System32\bcryptPrimitives.dll
0x00007ffe22360000 - 0x00007ffe2236e000 	C:\Program Files\Android\Android Studio\jbr\bin\instrument.dll
0x00007ffe230b0000 - 0x00007ffe230d0000 	C:\Program Files\Android\Android Studio\jbr\bin\java.dll
0x00007ffe22cf0000 - 0x00007ffe22d08000 	C:\Program Files\Android\Android Studio\jbr\bin\zip.dll
0x00007ffe4a050000 - 0x00007ffe4a8e6000 	C:\WINDOWS\System32\SHELL32.dll
0x00007ffe490d0000 - 0x00007ffe4920f000 	C:\WINDOWS\System32\wintypes.dll
0x00007ffe46ed0000 - 0x00007ffe477ea000 	C:\WINDOWS\SYSTEM32\windows.storage.dll
0x00007ffe4aa00000 - 0x00007ffe4ab0a000 	C:\WINDOWS\System32\SHCORE.dll
0x00007ffe49c60000 - 0x00007ffe49cc3000 	C:\WINDOWS\System32\shlwapi.dll
0x00007ffe48f30000 - 0x00007ffe48f5b000 	C:\WINDOWS\SYSTEM32\profapi.dll
0x00007ffe2d090000 - 0x00007ffe2d0a0000 	C:\Program Files\Android\Android Studio\jbr\bin\net.dll
0x00007ffe458b0000 - 0x00007ffe459dc000 	C:\WINDOWS\SYSTEM32\WINHTTP.dll
0x00007ffe48480000 - 0x00007ffe484ea000 	C:\WINDOWS\system32\mswsock.dll
0x00007ffe22100000 - 0x00007ffe22116000 	C:\Program Files\Android\Android Studio\jbr\bin\nio.dll
0x00007ffe19360000 - 0x00007ffe19370000 	C:\Program Files\Android\Android Studio\jbr\bin\verify.dll
0x00007ffe454e0000 - 0x00007ffe45507000 	C:\Users\ryanj\.gradle\native\c067742578af261105cb4f569cf0c3c89f3d7b1fecec35dd04571415982c5e48\windows-amd64\native-platform.dll
0x00007ffddf750000 - 0x00007ffddf894000 	C:\Users\ryanj\.gradle\native\100fb08df4bc3b14c8652ba06237920a3bd2aa13389f12d3474272988ae205f9\windows-amd64\native-platform-file-events.dll
0x00007ffe220f0000 - 0x00007ffe220f9000 	C:\Program Files\Android\Android Studio\jbr\bin\management.dll
0x00007ffe220e0000 - 0x00007ffe220eb000 	C:\Program Files\Android\Android Studio\jbr\bin\management_ext.dll
0x00007ffe4be10000 - 0x00007ffe4be18000 	C:\WINDOWS\System32\PSAPI.DLL
0x00007ffe486e0000 - 0x00007ffe486fb000 	C:\WINDOWS\SYSTEM32\CRYPTSP.dll
0x00007ffe47f60000 - 0x00007ffe47f97000 	C:\WINDOWS\system32\rsaenh.dll
0x00007ffe48580000 - 0x00007ffe485a8000 	C:\WINDOWS\SYSTEM32\USERENV.dll
0x00007ffe48700000 - 0x00007ffe4870c000 	C:\WINDOWS\SYSTEM32\CRYPTBASE.dll
0x00007ffe47a50000 - 0x00007ffe47a7d000 	C:\WINDOWS\SYSTEM32\IPHLPAPI.DLL
0x00007ffe4b440000 - 0x00007ffe4b449000 	C:\WINDOWS\System32\NSI.dll
0x00007ffe2cf90000 - 0x00007ffe2cf99000 	C:\Program Files\Android\Android Studio\jbr\bin\extnet.dll
0x00007ffe0fb70000 - 0x00007ffe0fb78000 	C:\WINDOWS\system32\wshunix.dll

dbghelp: loaded successfully - version: 4.0.5 - missing functions: none
symbol engine: initialized successfully - sym options: 0x614 - pdb path: .;C:\Program Files\Android\Android Studio\jbr\bin;C:\WINDOWS\SYSTEM32;C:\WINDOWS\WinSxS\amd64_microsoft.windows.common-controls_6595b64144ccf1df_6.0.22621.5124_none_270e8f4f7386d69d;C:\Program Files\Android\Android Studio\jbr\bin\server;C:\Users\ryanj\.gradle\native\c067742578af261105cb4f569cf0c3c89f3d7b1fecec35dd04571415982c5e48\windows-amd64;C:\Users\ryanj\.gradle\native\100fb08df4bc3b14c8652ba06237920a3bd2aa13389f12d3474272988ae205f9\windows-amd64

VM Arguments:
jvm_args: --add-opens=java.base/java.lang=ALL-UNNAMED --add-opens=java.base/java.lang.invoke=ALL-UNNAMED --add-opens=java.base/java.util=ALL-UNNAMED --add-opens=java.prefs/java.util.prefs=ALL-UNNAMED --add-exports=jdk.compiler/com.sun.tools.javac.api=ALL-UNNAMED --add-exports=jdk.compiler/com.sun.tools.javac.util=ALL-UNNAMED --add-opens=java.base/java.util=ALL-UNNAMED --add-opens=java.prefs/java.util.prefs=ALL-UNNAMED --add-opens=java.base/java.nio.charset=ALL-UNNAMED --add-opens=java.base/java.net=ALL-UNNAMED --add-opens=java.base/java.util.concurrent.atomic=ALL-UNNAMED --add-opens=java.xml/javax.xml.namespace=ALL-UNNAMED -Xmx2048m -Dfile.encoding=UTF-8 -Duser.country=IE -Duser.language=en -Duser.variant -javaagent:C:\Users\ryanj\.gradle\wrapper\dists\gradle-8.11.1-bin\bpt9gzteqjrbo1mjrsomdt32c\gradle-8.11.1\lib\agents\gradle-instrumentation-agent-8.11.1.jar 
java_command: org.gradle.launcher.daemon.bootstrap.GradleDaemon 8.11.1
java_class_path (initial): C:\Users\ryanj\.gradle\wrapper\dists\gradle-8.11.1-bin\bpt9gzteqjrbo1mjrsomdt32c\gradle-8.11.1\lib\gradle-daemon-main-8.11.1.jar
Launcher Type: SUN_STANDARD

[Global flags]
     intx CICompilerCount                          = 3                                         {product} {ergonomic}
     uint ConcGCThreads                            = 1                                         {product} {ergonomic}
     uint G1ConcRefinementThreads                  = 4                                         {product} {ergonomic}
   size_t G1HeapRegionSize                         = 1048576                                   {product} {ergonomic}
    uintx GCDrainStackTargetSize                   = 64                                        {product} {ergonomic}
   size_t InitialHeapSize                          = 130023424                                 {product} {ergonomic}
   size_t MarkStackSize                            = 4194304                                   {product} {ergonomic}
   size_t MaxHeapSize                              = 2147483648                                {product} {command line}
   size_t MaxNewSize                               = 1287651328                                {product} {ergonomic}
   size_t MinHeapDeltaBytes                        = 1048576                                   {product} {ergonomic}
   size_t MinHeapSize                              = 8388608                                   {product} {ergonomic}
    uintx NonNMethodCodeHeapSize                   = 5832780                                {pd product} {ergonomic}
    uintx NonProfiledCodeHeapSize                  = 122912730                              {pd product} {ergonomic}
    uintx ProfiledCodeHeapSize                     = 122912730                              {pd product} {ergonomic}
    uintx ReservedCodeCacheSize                    = 251658240                              {pd product} {ergonomic}
     bool SegmentedCodeCache                       = true                                      {product} {ergonomic}
   size_t SoftMaxHeapSize                          = 2147483648                             {manageable} {ergonomic}
     bool UseCompressedOops                        = true                           {product lp64_product} {ergonomic}
     bool UseG1GC                                  = true                                      {product} {ergonomic}
     bool UseLargePagesIndividualAllocation        = false                                  {pd product} {ergonomic}

Logging:
Log output configuration:
 #0: stdout all=warning uptime,level,tags foldmultilines=false
 #1: stderr all=off uptime,level,tags foldmultilines=false

Environment Variables:
PATH=C:\Program Files (x86)\Common Files\Oracle\Java\java8path;C:\Program Files (x86)\Common Files\Oracle\Java\javapath;C:\WINDOWS\system32;C:\WINDOWS;C:\WINDOWS\System32\Wbem;C:\WINDOWS\System32\WindowsPowerShell\v1.0\;C:\WINDOWS\System32\OpenSSH\;C:\Program Files (x86)\Windows Kits\10\Windows Performance Toolkit\;C:\Program Files\Microsoft VS Code\bin;C:\Program Files\dotnet\;C:\Program Files\Microsoft SQL Server\150\Tools\Binn\;C:\Program Files\Microsoft SQL Server\Client SDK\ODBC\170\Tools\Binn\;C:\Users\ryanj\AppData\Local\nvm;C:\nvm4w\nodejs;C:\Program Files\Git\cmd;C:\Program Files\nodejs\;C:\Users\ryanj\.cargo\bin;C:\Users\ryanj\AppData\Local\Microsoft\WindowsApps;C:\Users\ryanj\AppData\Local\Programs\Microsoft VS Code\bin;C:\Program Files\JetBrains\IntelliJ IDEA Community Edition 2023.1\bin;;C:\PythonXX\Scripts\Django;C:\Users\ryanj\.dotnet\tools;C:\Users\ryanj\AppData\Local\nvm;C:\nvm4w\nodejs;C:\Users\ryanj\AppData\Roaming\npm;C:\Program Files\heroku\bin
USERNAME=ryanj
OS=Windows_NT
PROCESSOR_IDENTIFIER=Intel64 Family 6 Model 140 Stepping 1, GenuineIntel
TMP=C:\Users\ryanj\AppData\Local\Temp
TEMP=C:\Users\ryanj\AppData\Local\Temp




Periodic native trim disabled

JNI global refs:
JNI global refs: 25, weak refs: 1

JNI global refs memory usage: 835, weak refs: 833

Process memory usage:
Resident Set Size: 273592K (3% of 8104744K total physical memory with 602584K free physical memory)

OOME stack traces (most recent first):
Classloader memory used:
Loader org.gradle.internal.classloader.VisitableURLClassLoader                         : 33342K
Loader bootstrap                                                                       : 22824K
Loader org.gradle.initialization.MixInLegacyTypesClassLoader                           : 9500K
Loader jdk.internal.loader.ClassLoaders$PlatformClassLoader                            : 530K
Loader jdk.internal.loader.ClassLoaders$AppClassLoader                                 : 234K
Loader org.gradle.internal.classloader.VisitableURLClassLoader                         : 144K
Loader jdk.internal.reflect.DelegatingClassLoader                                      : 82344B

Classes loaded by more than one classloader:
Class Program                                                                         : loaded 3 times (x 68B)
Class org.gradle.internal.classloader.ClassLoaderHierarchy                            : loaded 2 times (x 66B)
Class org.gradle.api.internal.classpath.ManifestUtil                                  : loaded 2 times (x 67B)
Class org.gradle.internal.classloader.DefaultClassLoaderFactory                       : loaded 2 times (x 78B)
Class org.gradle.internal.classloader.ClassLoaderVisitor                              : loaded 2 times (x 72B)
Class org.gradle.api.internal.classpath.EffectiveClassPath                            : loaded 2 times (x 86B)
Class org.gradle.api.internal.DefaultClassPathProvider                                : loaded 2 times (x 72B)
Class [Lorg.gradle.api.internal.ClassPathProvider;                                    : loaded 2 times (x 65B)
Class org.gradle.api.internal.ClassPathProvider                                       : loaded 2 times (x 66B)
Class org.gradle.internal.service.UnknownServiceException                             : loaded 2 times (x 79B)
Class org.gradle.internal.classpath.TransformedClassPath                              : loaded 2 times (x 92B)
Class org.gradle.internal.classloader.InstrumentingClassLoader                        : loaded 2 times (x 66B)
Class org.gradle.internal.service.ServiceLocator                                      : loaded 2 times (x 66B)
Class org.gradle.internal.InternalTransformer                                         : loaded 2 times (x 66B)
Class org.gradle.internal.classloader.ClasspathUtil$1                                 : loaded 2 times (x 72B)
Class org.gradle.api.internal.classpath.DefaultModuleRegistry$DefaultModule           : loaded 2 times (x 82B)
Class org.gradle.api.internal.classpath.Module                                        : loaded 2 times (x 66B)
Class org.gradle.api.internal.classpath.UnknownModuleException                        : loaded 2 times (x 78B)
Class org.gradle.api.internal.DefaultClassPathRegistry                                : loaded 2 times (x 72B)
Class org.gradle.api.internal.ClassPathRegistry                                       : loaded 2 times (x 66B)
Class org.gradle.internal.classpath.DefaultClassPath$ImmutableUniqueList              : loaded 2 times (x 195B)
Class org.gradle.internal.classloader.FilteringClassLoader                            : loaded 2 times (x 101B)
Class Settings_gradle$1                                                               : loaded 2 times (x 70B)
Class org.gradle.internal.classpath.ClassPath                                         : loaded 2 times (x 66B)
Class org.gradle.api.UncheckedIOException                                             : loaded 2 times (x 78B)
Class org.gradle.internal.installation.GradleInstallation$1                           : loaded 2 times (x 71B)
Class org.gradle.api.internal.classpath.ModuleRegistry                                : loaded 2 times (x 66B)
Class org.gradle.api.internal.classpath.DefaultModuleRegistry                         : loaded 2 times (x 82B)
Class org.gradle.internal.service.ServiceLookupException                              : loaded 2 times (x 78B)
Class org.gradle.internal.classloader.ClassLoaderFactory                              : loaded 2 times (x 66B)
Class org.gradle.internal.service.CachingServiceLocator                               : loaded 2 times (x 78B)
Class org.gradle.internal.classloader.ClasspathUtil                                   : loaded 2 times (x 67B)
Class org.gradle.api.specs.Spec                                                       : loaded 2 times (x 66B)
Class org.gradle.internal.classloader.VisitableURLClassLoader$InstrumentingVisitableURLClassLoader: loaded 2 times (x 119B)
Class org.gradle.internal.classloader.VisitableURLClassLoader$Spec                    : loaded 2 times (x 70B)
Class org.gradle.internal.classpath.DefaultClassPath                                  : loaded 2 times (x 86B)
Class org.gradle.internal.classloader.ClassLoaderSpec                                 : loaded 2 times (x 67B)
Class Settings_gradle$1$1                                                             : loaded 2 times (x 70B)
Class org.gradle.internal.classloader.VisitableURLClassLoader                         : loaded 2 times (x 113B)
Class Settings_gradle                                                                 : loaded 2 times (x 124B)
Class org.gradle.internal.Cast                                                        : loaded 2 times (x 67B)
Class org.gradle.api.Action                                                           : loaded 2 times (x 66B)
Class org.gradle.internal.classpath.DefaultClassPath$ImmutableUniqueList$Builder      : loaded 2 times (x 71B)
Class org.gradle.api.GradleException                                                  : loaded 2 times (x 78B)
Class org.gradle.internal.IoActions                                                   : loaded 2 times (x 67B)
Class org.gradle.internal.classloader.SystemClassLoaderSpec                           : loaded 2 times (x 67B)
Class org.gradle.api.internal.classpath.GlobalCacheRootsProvider                      : loaded 2 times (x 66B)
Class org.gradle.internal.installation.CurrentGradleInstallationLocator               : loaded 2 times (x 67B)
Class org.gradle.internal.service.DefaultServiceLocator                               : loaded 2 times (x 79B)
Class org.gradle.internal.installation.CurrentGradleInstallation                      : loaded 2 times (x 69B)
Class org.gradle.util.internal.GUtil                                                  : loaded 2 times (x 67B)
Class org.gradle.internal.installation.GradleInstallation                             : loaded 2 times (x 71B)

---------------  S Y S T E M  ---------------

OS:
 Windows 11 , 64 bit Build 22621 (10.0.22621.5124)
OS uptime: 0 days 2:06 hours
Hyper-V role detected

CPU: total 4 (initial active 4) (2 cores per cpu, 2 threads per core) family 6 model 140 stepping 1 microcode 0xba, cx8, cmov, fxsr, ht, mmx, 3dnowpref, sse, sse2, sse3, ssse3, sse4.1, sse4.2, popcnt, lzcnt, tsc, tscinvbit, avx, avx2, aes, erms, clmul, bmi1, bmi2, adx, avx512f, avx512dq, avx512cd, avx512bw, avx512vl, sha, fma, vzeroupper, avx512_vpopcntdq, avx512_vpclmulqdq, avx512_vaes, avx512_vnni, clflush, clflushopt, clwb, avx512_vbmi2, avx512_vbmi, hv, rdtscp, rdpid, fsrm, gfni, avx512_bitalg, f16c, cet_ibt, cet_ss, avx512_ifma
Processor Information for all 4 processors :
  Max Mhz: 2995, Current Mhz: 2995, Mhz Limit: 2995

Memory: 4k page, system-wide physical 7914M (584M free)
TotalPageFile size 18240M (AvailPageFile size 5M)
current process WorkingSet (physical memory assigned to process): 267M, peak: 267M
current process commit charge ("private bytes"): 293M, peak: 304M

vm_info: OpenJDK 64-Bit Server VM (21.0.5+-12932927-b750.29) for windows-amd64 JRE (21.0.5+-12932927-b750.29), built on 2025-01-17T02:01:10Z by "builder" with MS VC++ 16.10 / 16.11 (VS2019)

END.
